11/15/2019 09:37:25 AM - root - CRITICAL - TOPIC:Server; EVENT:Server crashed;
11/15/2019 09:37:35 AM - root - ERROR - TOPIC:Database; EVENT:Connection to database failed;
11/15/2019 09:37:35 AM - root - CRITICAL - TOPIC:Server; EVENT:Server crashed;
11/15/2019 06:06:22 PM - root - ERROR - TOPIC:Database; EVENT:Connection to database failed;
11/15/2019 06:06:22 PM - root - CRITICAL - TOPIC:Server; EVENT:Server crashed;
12/03/2019 05:42:57 PM - root - INFO - TOPIC:Database Users; EVENT:Connection attemp;
12/03/2019 05:42:57 PM - root - INFO - TOPIC:Database Users; EVENT:Connection successful;
12/03/2019 05:42:57 PM - root - ERROR - TOPIC:Database Users; EVENT:Connection failed;
12/03/2019 05:42:57 PM - root - INFO - TOPIC:Database Users; EVENT:Connection closed;
12/03/2019 05:42:57 PM - root - INFO - TOPIC:Database Users; EVENT:Connection attemp;
12/03/2019 05:42:57 PM - root - INFO - TOPIC:Database Users; EVENT:Connection successful;
12/03/2019 05:42:57 PM - root - INFO - TOPIC:Database Users; EVENT:Connection closed;
12/03/2019 05:50:38 PM - root - INFO - TOPIC:Database Users; EVENT:Connection attemp;
12/03/2019 05:50:38 PM - root - INFO - TOPIC:Database Users; EVENT:Connection successful;
12/03/2019 05:50:38 PM - root - ERROR - TOPIC:Database Users; EVENT:Connection failed;
12/03/2019 05:50:38 PM - root - INFO - TOPIC:Database Users; EVENT:Connection closed;
12/03/2019 05:50:38 PM - root - INFO - TOPIC:Database Users; EVENT:Connection attemp;
12/03/2019 05:50:38 PM - root - INFO - TOPIC:Database Users; EVENT:Connection successful;
12/03/2019 05:50:38 PM - root - INFO - TOPIC:Database Users; EVENT:Connection closed;
12/03/2019 05:51:43 PM - root - INFO - TOPIC:Database Users; EVENT:Connection attemp;
12/03/2019 05:51:43 PM - root - INFO - TOPIC:Database Users; EVENT:Connection successful;
12/03/2019 05:51:43 PM - root - ERROR - TOPIC:Database Users; EVENT:Connection failed;
12/03/2019 05:51:43 PM - root - INFO - TOPIC:Database Users; EVENT:Connection closed;
12/03/2019 05:51:43 PM - root - INFO - TOPIC:Database Users; EVENT:Connection attemp;
12/03/2019 05:51:43 PM - root - INFO - TOPIC:Database Users; EVENT:Connection successful;
12/03/2019 05:51:43 PM - root - INFO - TOPIC:Database Users; EVENT:Connection closed;
12/03/2019 05:53:14 PM - root - INFO - TOPIC:Database Users; EVENT:Connection attemp;
12/03/2019 05:53:14 PM - root - INFO - TOPIC:Database Users; EVENT:Connection successful;
12/03/2019 05:53:14 PM - root - ERROR - TOPIC:Database Users; EVENT:Connection failed;
12/03/2019 05:53:14 PM - root - INFO - TOPIC:Database Users; EVENT:Connection closed;
12/03/2019 05:53:14 PM - root - INFO - TOPIC:Database Users; EVENT:Connection attemp;
12/03/2019 05:53:14 PM - root - INFO - TOPIC:Database Users; EVENT:Connection successful;
12/03/2019 05:53:14 PM - root - INFO - TOPIC:Database Users; EVENT:Connection closed;
12/03/2019 05:53:39 PM - root - INFO - TOPIC:Database Users; EVENT:Connection attemp;
12/03/2019 05:53:39 PM - root - INFO - TOPIC:Database Users; EVENT:Connection successful;
12/03/2019 05:53:39 PM - root - ERROR - TOPIC:Database Users; EVENT:Connection failed;
12/03/2019 05:53:39 PM - root - INFO - TOPIC:Database Users; EVENT:Connection closed;
12/03/2019 05:53:39 PM - root - INFO - TOPIC:Database Users; EVENT:Connection attemp;
12/03/2019 05:53:39 PM - root - INFO - TOPIC:Database Users; EVENT:Connection successful;
12/03/2019 05:53:39 PM - root - INFO - TOPIC:Database Users; EVENT:Connection closed;
12/03/2019 05:53:49 PM - root - INFO - TOPIC:Database Users; EVENT:Connection attemp;
12/03/2019 05:53:49 PM - root - INFO - TOPIC:Database Users; EVENT:Connection successful;
12/03/2019 05:53:49 PM - root - ERROR - TOPIC:Database Users; EVENT:Connection failed;
12/03/2019 05:53:49 PM - root - INFO - TOPIC:Database Users; EVENT:Connection closed;
12/03/2019 05:53:49 PM - root - INFO - TOPIC:Database Users; EVENT:Connection attemp;
12/03/2019 05:53:49 PM - root - INFO - TOPIC:Database Users; EVENT:Connection successful;
12/03/2019 05:53:49 PM - root - INFO - TOPIC:Database Users; EVENT:Connection closed;
12/03/2019 05:54:05 PM - root - INFO - TOPIC:Database Users; EVENT:Connection attemp;
12/03/2019 05:54:05 PM - root - INFO - TOPIC:Database Users; EVENT:Connection successful;
12/03/2019 05:54:05 PM - root - ERROR - TOPIC:Database Users; EVENT:Connection failed;
12/03/2019 05:54:05 PM - root - INFO - TOPIC:Database Users; EVENT:Connection closed;
12/03/2019 05:54:05 PM - root - INFO - TOPIC:Database Users; EVENT:Connection attemp;
12/03/2019 05:54:05 PM - root - INFO - TOPIC:Database Users; EVENT:Connection successful;
12/03/2019 05:54:05 PM - root - INFO - TOPIC:Database Users; EVENT:Connection closed;
12/03/2019 05:59:24 PM - root - INFO - TOPIC:Database Users; EVENT:Connection attemp;
12/03/2019 05:59:24 PM - root - INFO - TOPIC:Database Users; EVENT:Connection successful;
12/03/2019 05:59:24 PM - root - ERROR - TOPIC:Database Users; EVENT:Connection failed;
12/03/2019 05:59:24 PM - root - INFO - TOPIC:Database Users; EVENT:Connection closed;
12/03/2019 05:59:24 PM - root - INFO - TOPIC:Database Users; EVENT:Connection attemp;
12/03/2019 05:59:24 PM - root - INFO - TOPIC:Database Users; EVENT:Connection successful;
12/03/2019 05:59:24 PM - root - INFO - TOPIC:Database Users; EVENT:Connection closed;
12/03/2019 05:59:55 PM - root - INFO - TOPIC:Database Users; EVENT:Connection attemp;
12/03/2019 05:59:55 PM - root - INFO - TOPIC:Database Users; EVENT:Connection successful;
12/03/2019 05:59:55 PM - root - ERROR - TOPIC:Database Users; EVENT:Connection failed;
12/03/2019 05:59:55 PM - root - INFO - TOPIC:Database Users; EVENT:Connection closed;
12/03/2019 05:59:55 PM - root - INFO - TOPIC:Database Users; EVENT:Connection attemp;
12/03/2019 05:59:55 PM - root - INFO - TOPIC:Database Users; EVENT:Connection successful;
12/03/2019 05:59:55 PM - root - INFO - TOPIC:Database Users; EVENT:Connection closed;
12/03/2019 06:01:44 PM - root - INFO - TOPIC:Database Users; EVENT:Connection attemp;
12/03/2019 06:01:44 PM - root - INFO - TOPIC:Database Users; EVENT:Connection successful;
12/03/2019 06:01:44 PM - root - ERROR - TOPIC:Database Users; EVENT:Connection failed;
12/03/2019 06:01:44 PM - root - INFO - TOPIC:Database Users; EVENT:Connection closed;
12/03/2019 06:01:44 PM - root - INFO - TOPIC:Database Users; EVENT:Connection attemp;
12/03/2019 06:01:44 PM - root - INFO - TOPIC:Database Users; EVENT:Connection successful;
12/03/2019 06:01:44 PM - root - INFO - TOPIC:Database Users; EVENT:Connection closed;
12/03/2019 06:12:52 PM - root - INFO - TOPIC:Database Users; EVENT:Connection attemp;
12/03/2019 06:12:52 PM - root - INFO - TOPIC:Database Users; EVENT:Connection successful;
12/03/2019 06:12:52 PM - root - ERROR - TOPIC:Database Users; EVENT:Connection failed;
12/03/2019 06:12:52 PM - root - INFO - TOPIC:Database Users; EVENT:Connection closed;
12/03/2019 06:12:52 PM - root - INFO - TOPIC:Database Users; EVENT:Connection attemp;
12/03/2019 06:12:52 PM - root - INFO - TOPIC:Database Users; EVENT:Connection successful;
12/03/2019 06:12:52 PM - root - INFO - TOPIC:Database Users; EVENT:Connection closed;
12/03/2019 06:15:40 PM - root - INFO - TOPIC:Database Users; EVENT:Connection attemp;
12/03/2019 06:15:40 PM - root - INFO - TOPIC:Database Users; EVENT:Connection successful;
12/03/2019 06:15:40 PM - root - ERROR - TOPIC:Database Users; EVENT:Connection failed;
12/03/2019 06:15:40 PM - root - INFO - TOPIC:Database Users; EVENT:Connection closed;
12/03/2019 06:15:40 PM - root - INFO - TOPIC:Database Users; EVENT:Connection attemp;
12/03/2019 06:15:40 PM - root - INFO - TOPIC:Database Users; EVENT:Connection successful;
12/03/2019 06:15:40 PM - root - INFO - TOPIC:Database Users; EVENT:Connection closed;
12/03/2019 06:30:39 PM - root - INFO - TOPIC:Database Users; EVENT:Connection attemp;
12/03/2019 06:30:39 PM - root - INFO - TOPIC:Database Users; EVENT:Connection successful;
12/03/2019 06:30:39 PM - root - ERROR - TOPIC:Database Users; EVENT:Connection failed;
12/03/2019 06:30:39 PM - root - INFO - TOPIC:Database Users; EVENT:Connection closed;
12/03/2019 06:30:39 PM - root - INFO - TOPIC:Database Users; EVENT:Connection attemp;
12/03/2019 06:30:39 PM - root - INFO - TOPIC:Database Users; EVENT:Connection successful;
12/03/2019 06:30:39 PM - root - INFO - TOPIC:Database Users; EVENT:Connection closed;
12/03/2019 11:10:56 PM - root - INFO - TOPIC:Database Users; EVENT:Connection attemp;
12/03/2019 11:10:56 PM - root - INFO - TOPIC:Database Users; EVENT:Connection successful;
12/03/2019 11:10:56 PM - root - ERROR - TOPIC:Database Users; EVENT:Connection failed;
12/03/2019 11:10:56 PM - root - INFO - TOPIC:Database Users; EVENT:Connection closed;
12/03/2019 11:10:56 PM - root - INFO - TOPIC:Database Users; EVENT:Connection attemp;
12/03/2019 11:10:56 PM - root - INFO - TOPIC:Database Users; EVENT:Connection successful;
12/03/2019 11:10:56 PM - root - INFO - TOPIC:Database Users; EVENT:Connection closed;
12/03/2019 11:11:08 PM - root - INFO - TOPIC:Database Users; EVENT:Connection attemp;
12/03/2019 11:11:08 PM - root - INFO - TOPIC:Database Users; EVENT:Connection successful;
12/03/2019 11:11:08 PM - root - ERROR - TOPIC:Database Users; EVENT:Connection failed;
12/03/2019 11:11:08 PM - root - INFO - TOPIC:Database Users; EVENT:Connection closed;
12/03/2019 11:11:08 PM - root - INFO - TOPIC:Database Users; EVENT:Connection attemp;
12/03/2019 11:11:08 PM - root - INFO - TOPIC:Database Users; EVENT:Connection successful;
12/03/2019 11:11:08 PM - root - INFO - TOPIC:Database Users; EVENT:Connection closed;
12/03/2019 11:12:08 PM - root - INFO - TOPIC:Database Users; EVENT:Connection attemp;
12/03/2019 11:12:08 PM - root - INFO - TOPIC:Database Users; EVENT:Connection successful;
12/03/2019 11:12:08 PM - root - ERROR - TOPIC:Database Users; EVENT:Connection failed;
12/03/2019 11:12:08 PM - root - INFO - TOPIC:Database Users; EVENT:Connection closed;
12/03/2019 11:12:08 PM - root - INFO - TOPIC:Database Users; EVENT:Connection attemp;
12/03/2019 11:12:08 PM - root - INFO - TOPIC:Database Users; EVENT:Connection successful;
12/03/2019 11:12:08 PM - root - INFO - TOPIC:Database Users; EVENT:Connection closed;
12/03/2019 11:12:34 PM - root - INFO - TOPIC:Database Users; EVENT:Connection attemp;
12/03/2019 11:12:34 PM - root - INFO - TOPIC:Database Users; EVENT:Connection successful;
12/03/2019 11:12:34 PM - root - ERROR - TOPIC:Database Users; EVENT:Connection failed;
12/03/2019 11:12:34 PM - root - INFO - TOPIC:Database Users; EVENT:Connection closed;
12/03/2019 11:12:34 PM - root - INFO - TOPIC:Database Users; EVENT:Connection attemp;
12/03/2019 11:12:34 PM - root - INFO - TOPIC:Database Users; EVENT:Connection successful;
12/03/2019 11:12:34 PM - root - INFO - TOPIC:Database Users; EVENT:Connection closed;
12/03/2019 11:13:07 PM - root - INFO - TOPIC:Database Users; EVENT:Connection attemp;
12/03/2019 11:13:07 PM - root - INFO - TOPIC:Database Users; EVENT:Connection successful;
12/03/2019 11:13:07 PM - root - ERROR - TOPIC:Database Users; EVENT:Connection failed;
12/03/2019 11:13:07 PM - root - INFO - TOPIC:Database Users; EVENT:Connection closed;
12/03/2019 11:13:07 PM - root - INFO - TOPIC:Database Users; EVENT:Connection attemp;
12/03/2019 11:13:07 PM - root - INFO - TOPIC:Database Users; EVENT:Connection successful;
12/03/2019 11:13:07 PM - root - INFO - TOPIC:Database Users; EVENT:Connection closed;
12/03/2019 11:13:22 PM - root - INFO - TOPIC:Database Users; EVENT:Connection attemp;
12/03/2019 11:13:22 PM - root - INFO - TOPIC:Database Users; EVENT:Connection successful;
12/03/2019 11:13:22 PM - root - ERROR - TOPIC:Database Users; EVENT:Connection failed;
12/03/2019 11:13:22 PM - root - INFO - TOPIC:Database Users; EVENT:Connection closed;
12/03/2019 11:13:22 PM - root - INFO - TOPIC:Database Users; EVENT:Connection attemp;
12/03/2019 11:13:22 PM - root - INFO - TOPIC:Database Users; EVENT:Connection successful;
12/03/2019 11:13:22 PM - root - INFO - TOPIC:Database Users; EVENT:Connection closed;
12/03/2019 11:14:00 PM - root - INFO - TOPIC:Database Users; EVENT:Connection attemp;
12/03/2019 11:14:00 PM - root - INFO - TOPIC:Database Users; EVENT:Connection successful;
12/03/2019 11:14:00 PM - root - ERROR - TOPIC:Database Users; EVENT:Connection failed;
12/03/2019 11:14:00 PM - root - INFO - TOPIC:Database Users; EVENT:Connection closed;
12/03/2019 11:14:00 PM - root - INFO - TOPIC:Database Users; EVENT:Connection attemp;
12/03/2019 11:14:00 PM - root - INFO - TOPIC:Database Users; EVENT:Connection successful;
12/03/2019 11:14:00 PM - root - INFO - TOPIC:Database Users; EVENT:Connection closed;
12/03/2019 11:14:10 PM - root - INFO - TOPIC:Database Users; EVENT:Connection attemp;
12/03/2019 11:14:10 PM - root - INFO - TOPIC:Database Users; EVENT:Connection successful;
12/03/2019 11:14:10 PM - root - ERROR - TOPIC:Database Users; EVENT:Connection failed;
12/03/2019 11:14:10 PM - root - INFO - TOPIC:Database Users; EVENT:Connection closed;
12/03/2019 11:14:10 PM - root - INFO - TOPIC:Database Users; EVENT:Connection attemp;
12/03/2019 11:14:10 PM - root - INFO - TOPIC:Database Users; EVENT:Connection successful;
12/03/2019 11:14:10 PM - root - INFO - TOPIC:Database Users; EVENT:Connection closed;
12/03/2019 11:14:16 PM - root - INFO - TOPIC:Database Users; EVENT:Connection attemp;
12/03/2019 11:14:16 PM - root - INFO - TOPIC:Database Users; EVENT:Connection successful;
12/03/2019 11:14:16 PM - root - ERROR - TOPIC:Database Users; EVENT:Connection failed;
12/03/2019 11:14:16 PM - root - INFO - TOPIC:Database Users; EVENT:Connection closed;
12/03/2019 11:14:16 PM - root - INFO - TOPIC:Database Users; EVENT:Connection attemp;
12/03/2019 11:14:16 PM - root - INFO - TOPIC:Database Users; EVENT:Connection successful;
12/03/2019 11:14:16 PM - root - INFO - TOPIC:Database Users; EVENT:Connection closed;
12/03/2019 11:17:19 PM - root - INFO - TOPIC:Database Users; EVENT:Connection attemp;
12/03/2019 11:17:19 PM - root - INFO - TOPIC:Database Users; EVENT:Connection successful;
12/03/2019 11:17:19 PM - root - ERROR - TOPIC:Database Users; EVENT:Connection failed;
12/03/2019 11:17:19 PM - root - INFO - TOPIC:Database Users; EVENT:Connection closed;
12/03/2019 11:17:19 PM - root - INFO - TOPIC:Database Users; EVENT:Connection attemp;
12/03/2019 11:17:19 PM - root - INFO - TOPIC:Database Users; EVENT:Connection successful;
12/03/2019 11:17:19 PM - root - INFO - TOPIC:Database Users; EVENT:Connection closed;
12/03/2019 11:18:25 PM - root - INFO - TOPIC:Database Users; EVENT:Connection attemp;
12/03/2019 11:18:25 PM - root - INFO - TOPIC:Database Users; EVENT:Connection successful;
12/03/2019 11:18:25 PM - root - ERROR - TOPIC:Database Users; EVENT:Connection failed;
12/03/2019 11:18:25 PM - root - INFO - TOPIC:Database Users; EVENT:Connection closed;
12/03/2019 11:18:25 PM - root - INFO - TOPIC:Database Users; EVENT:Connection attemp;
12/03/2019 11:18:25 PM - root - INFO - TOPIC:Database Users; EVENT:Connection successful;
12/03/2019 11:18:25 PM - root - INFO - TOPIC:Database Users; EVENT:Connection closed;
12/03/2019 11:19:02 PM - root - INFO - TOPIC:Database Users; EVENT:Connection attemp;
12/03/2019 11:19:02 PM - root - INFO - TOPIC:Database Users; EVENT:Connection successful;
12/03/2019 11:19:02 PM - root - ERROR - TOPIC:Database Users; EVENT:Connection failed;
12/03/2019 11:19:02 PM - root - INFO - TOPIC:Database Users; EVENT:Connection closed;
12/03/2019 11:19:02 PM - root - INFO - TOPIC:Database Users; EVENT:Connection attemp;
12/03/2019 11:19:02 PM - root - INFO - TOPIC:Database Users; EVENT:Connection successful;
12/03/2019 11:19:02 PM - root - INFO - TOPIC:Database Users; EVENT:Connection closed;
12/03/2019 11:19:32 PM - root - INFO - TOPIC:Database Users; EVENT:Connection attemp;
12/03/2019 11:19:32 PM - root - INFO - TOPIC:Database Users; EVENT:Connection successful;
12/03/2019 11:19:32 PM - root - ERROR - TOPIC:Database Users; EVENT:Connection failed;
12/03/2019 11:19:32 PM - root - INFO - TOPIC:Database Users; EVENT:Connection closed;
12/03/2019 11:19:32 PM - root - INFO - TOPIC:Database Users; EVENT:Connection attemp;
12/03/2019 11:19:32 PM - root - INFO - TOPIC:Database Users; EVENT:Connection successful;
12/03/2019 11:19:32 PM - root - INFO - TOPIC:Database Users; EVENT:Connection closed;
12/03/2019 11:22:36 PM - root - INFO - TOPIC:Database Users; EVENT:Connection attemp;
12/03/2019 11:22:36 PM - root - INFO - TOPIC:Database Users; EVENT:Connection successful;
12/03/2019 11:22:36 PM - root - ERROR - TOPIC:Database Users; EVENT:Connection failed;
12/03/2019 11:22:36 PM - root - INFO - TOPIC:Database Users; EVENT:Connection closed;
12/03/2019 11:22:36 PM - root - INFO - TOPIC:Database Users; EVENT:Connection attemp;
12/03/2019 11:22:36 PM - root - INFO - TOPIC:Database Users; EVENT:Connection successful;
12/03/2019 11:22:36 PM - root - INFO - TOPIC:Database Users; EVENT:Connection closed;
12/03/2019 11:23:02 PM - root - INFO - TOPIC:Database Users; EVENT:Connection attemp;
12/03/2019 11:23:02 PM - root - INFO - TOPIC:Database Users; EVENT:Connection successful;
12/03/2019 11:23:02 PM - root - ERROR - TOPIC:Database Users; EVENT:Connection failed;
12/03/2019 11:23:02 PM - root - INFO - TOPIC:Database Users; EVENT:Connection closed;
12/03/2019 11:23:02 PM - root - INFO - TOPIC:Database Users; EVENT:Connection attemp;
12/03/2019 11:23:02 PM - root - INFO - TOPIC:Database Users; EVENT:Connection successful;
12/03/2019 11:23:02 PM - root - INFO - TOPIC:Database Users; EVENT:Connection closed;
12/03/2019 11:25:34 PM - root - INFO - TOPIC:Database Users; EVENT:Connection attemp;
12/03/2019 11:25:34 PM - root - INFO - TOPIC:Database Users; EVENT:Connection successful;
12/03/2019 11:25:34 PM - root - ERROR - TOPIC:Database Users; EVENT:Connection failed;
12/03/2019 11:25:34 PM - root - INFO - TOPIC:Database Users; EVENT:Connection closed;
12/03/2019 11:25:34 PM - root - INFO - TOPIC:Database Users; EVENT:Connection attemp;
12/03/2019 11:25:34 PM - root - INFO - TOPIC:Database Users; EVENT:Connection successful;
12/03/2019 11:25:34 PM - root - INFO - TOPIC:Database Users; EVENT:Connection closed;
12/03/2019 11:26:17 PM - root - INFO - TOPIC:Database Users; EVENT:Connection attemp;
12/03/2019 11:26:17 PM - root - INFO - TOPIC:Database Users; EVENT:Connection successful;
12/03/2019 11:26:17 PM - root - ERROR - TOPIC:Database Users; EVENT:Connection failed;
12/03/2019 11:26:17 PM - root - INFO - TOPIC:Database Users; EVENT:Connection closed;
12/03/2019 11:26:17 PM - root - INFO - TOPIC:Database Users; EVENT:Connection attemp;
12/03/2019 11:26:17 PM - root - INFO - TOPIC:Database Users; EVENT:Connection successful;
12/03/2019 11:26:17 PM - root - INFO - TOPIC:Database Users; EVENT:Connection closed;
12/03/2019 11:26:53 PM - root - INFO - TOPIC:Database Users; EVENT:Connection attemp;
12/03/2019 11:26:53 PM - root - INFO - TOPIC:Database Users; EVENT:Connection successful;
12/03/2019 11:26:53 PM - root - ERROR - TOPIC:Database Users; EVENT:Connection failed;
12/03/2019 11:26:53 PM - root - INFO - TOPIC:Database Users; EVENT:Connection closed;
12/03/2019 11:26:53 PM - root - INFO - TOPIC:Database Users; EVENT:Connection attemp;
12/03/2019 11:26:53 PM - root - INFO - TOPIC:Database Users; EVENT:Connection successful;
12/03/2019 11:26:53 PM - root - INFO - TOPIC:Database Users; EVENT:Connection closed;
12/03/2019 11:26:58 PM - root - INFO - TOPIC:Database Users; EVENT:Connection attemp;
12/03/2019 11:26:58 PM - root - INFO - TOPIC:Database Users; EVENT:Connection successful;
12/03/2019 11:26:58 PM - root - ERROR - TOPIC:Database Users; EVENT:Connection failed;
12/03/2019 11:26:58 PM - root - INFO - TOPIC:Database Users; EVENT:Connection closed;
12/03/2019 11:26:58 PM - root - INFO - TOPIC:Database Users; EVENT:Connection attemp;
12/03/2019 11:26:58 PM - root - INFO - TOPIC:Database Users; EVENT:Connection successful;
12/03/2019 11:26:58 PM - root - INFO - TOPIC:Database Users; EVENT:Connection closed;
12/03/2019 11:33:57 PM - root - INFO - TOPIC:Database Users; EVENT:Connection attemp;
12/03/2019 11:33:57 PM - root - INFO - TOPIC:Database Users; EVENT:Connection successful;
12/03/2019 11:33:57 PM - root - ERROR - TOPIC:Database Users; EVENT:Connection failed;
12/03/2019 11:33:57 PM - root - INFO - TOPIC:Database Users; EVENT:Connection closed;
12/03/2019 11:33:57 PM - root - INFO - TOPIC:Database Users; EVENT:Connection attemp;
12/03/2019 11:33:57 PM - root - INFO - TOPIC:Database Users; EVENT:Connection successful;
12/03/2019 11:33:57 PM - root - INFO - TOPIC:Database Users; EVENT:Connection closed;
12/03/2019 11:34:40 PM - root - INFO - TOPIC:Database Users; EVENT:Connection attemp;
12/03/2019 11:34:40 PM - root - INFO - TOPIC:Database Users; EVENT:Connection successful;
12/03/2019 11:34:40 PM - root - ERROR - TOPIC:Database Users; EVENT:Connection failed;
12/03/2019 11:34:40 PM - root - INFO - TOPIC:Database Users; EVENT:Connection closed;
12/03/2019 11:34:40 PM - root - INFO - TOPIC:Database Users; EVENT:Connection attemp;
12/03/2019 11:34:40 PM - root - INFO - TOPIC:Database Users; EVENT:Connection successful;
12/03/2019 11:34:40 PM - root - INFO - TOPIC:Database Users; EVENT:Connection closed;
12/03/2019 11:36:23 PM - root - INFO - TOPIC:Database Users; EVENT:Connection attemp;
12/03/2019 11:36:23 PM - root - INFO - TOPIC:Database Users; EVENT:Connection successful;
12/03/2019 11:36:23 PM - root - ERROR - TOPIC:Database Users; EVENT:Connection failed;
12/03/2019 11:36:23 PM - root - INFO - TOPIC:Database Users; EVENT:Connection closed;
12/03/2019 11:36:23 PM - root - INFO - TOPIC:Database Users; EVENT:Connection attemp;
12/03/2019 11:36:23 PM - root - INFO - TOPIC:Database Users; EVENT:Connection successful;
12/03/2019 11:36:23 PM - root - INFO - TOPIC:Database Users; EVENT:Connection closed;
12/03/2019 11:37:09 PM - root - INFO - TOPIC:Database Users; EVENT:Connection attemp;
12/03/2019 11:37:09 PM - root - INFO - TOPIC:Database Users; EVENT:Connection successful;
12/03/2019 11:37:09 PM - root - ERROR - TOPIC:Database Users; EVENT:Connection failed;
12/03/2019 11:37:09 PM - root - INFO - TOPIC:Database Users; EVENT:Connection closed;
12/03/2019 11:37:09 PM - root - INFO - TOPIC:Database Users; EVENT:Connection attemp;
12/03/2019 11:37:09 PM - root - INFO - TOPIC:Database Users; EVENT:Connection successful;
12/03/2019 11:37:09 PM - root - INFO - TOPIC:Database Users; EVENT:Connection closed;
12/03/2019 11:37:35 PM - root - INFO - TOPIC:Database Users; EVENT:Connection attemp;
12/03/2019 11:37:35 PM - root - INFO - TOPIC:Database Users; EVENT:Connection successful;
12/03/2019 11:37:35 PM - root - ERROR - TOPIC:Database Users; EVENT:Connection failed;
12/03/2019 11:37:35 PM - root - INFO - TOPIC:Database Users; EVENT:Connection closed;
12/03/2019 11:37:35 PM - root - INFO - TOPIC:Database Users; EVENT:Connection attemp;
12/03/2019 11:37:35 PM - root - INFO - TOPIC:Database Users; EVENT:Connection successful;
12/03/2019 11:37:35 PM - root - INFO - TOPIC:Database Users; EVENT:Connection closed;
12/04/2019 09:48:19 AM - root - INFO - TOPIC:Database Users; EVENT:Connection attemp;
12/04/2019 09:48:19 AM - root - INFO - TOPIC:Database Users; EVENT:Connection successful;
12/04/2019 09:48:19 AM - root - ERROR - TOPIC:Database Users; EVENT:Connection failed;
12/04/2019 09:48:19 AM - root - INFO - TOPIC:Database Users; EVENT:Connection closed;
12/04/2019 09:48:19 AM - root - INFO - TOPIC:Database Users; EVENT:Connection attemp;
12/04/2019 09:48:19 AM - root - INFO - TOPIC:Database Users; EVENT:Connection successful;
12/04/2019 09:48:19 AM - root - INFO - TOPIC:Database Users; EVENT:Connection closed;
12/04/2019 09:48:22 AM - root - INFO - TOPIC:Server; EVENT:Server started;
12/04/2019 09:48:22 AM - root - INFO - TOPIC:Server; EVENT:Connection attempt;
12/04/2019 09:48:50 AM - root - INFO - TOPIC:Database Users; EVENT:Connection attemp;
12/04/2019 09:48:50 AM - root - INFO - TOPIC:Database Users; EVENT:Connection successful;
12/04/2019 09:48:52 AM - root - INFO - TOPIC:Database Users; EVENT:Connection closed;
12/04/2019 09:48:55 AM - root - INFO - TOPIC:Database Users; EVENT:Connection attemp;
12/04/2019 09:48:55 AM - root - INFO - TOPIC:Database Users; EVENT:Connection successful;
12/04/2019 09:48:55 AM - root - INFO - TOPIC:Database Users; EVENT:Connection closed;
12/04/2019 09:48:55 AM - root - INFO - TOPIC:Database Users; EVENT:Connection attemp;
12/04/2019 09:48:55 AM - root - INFO - TOPIC:Database Users; EVENT:Connection successful;
12/04/2019 09:48:55 AM - root - INFO - TOPIC:Database Users; EVENT:Connection closed;
12/04/2019 09:50:07 AM - root - INFO - TOPIC:Database Users; EVENT:Connection attemp;
12/04/2019 09:50:07 AM - root - INFO - TOPIC:Database Users; EVENT:Connection successful;
12/04/2019 09:50:07 AM - root - ERROR - TOPIC:Database Users; EVENT:Connection failed;
12/04/2019 09:50:07 AM - root - INFO - TOPIC:Database Users; EVENT:Connection closed;
12/04/2019 09:50:07 AM - root - INFO - TOPIC:Database Users; EVENT:Connection attemp;
12/04/2019 09:50:07 AM - root - INFO - TOPIC:Database Users; EVENT:Connection successful;
12/04/2019 09:50:07 AM - root - INFO - TOPIC:Database Users; EVENT:Connection closed;
12/04/2019 09:50:08 AM - root - INFO - TOPIC:Server; EVENT:Server started;
12/04/2019 09:50:08 AM - root - INFO - TOPIC:Server; EVENT:Connection attempt;
12/04/2019 09:50:16 AM - root - INFO - TOPIC:Database Users; EVENT:Connection attemp;
12/04/2019 09:50:16 AM - root - INFO - TOPIC:Database Users; EVENT:Connection successful;
12/04/2019 09:50:17 AM - root - INFO - TOPIC:Database Users; EVENT:Connection closed;
12/04/2019 09:50:21 AM - root - INFO - TOPIC:Database Users; EVENT:Connection attemp;
12/04/2019 09:50:21 AM - root - INFO - TOPIC:Database Users; EVENT:Connection successful;
12/04/2019 09:50:21 AM - root - INFO - TOPIC:Database Users; EVENT:Connection closed;
12/04/2019 09:50:21 AM - root - INFO - TOPIC:Database Users; EVENT:Connection attemp;
12/04/2019 09:50:21 AM - root - INFO - TOPIC:Database Users; EVENT:Connection successful;
12/04/2019 09:50:21 AM - root - INFO - TOPIC:Database Users; EVENT:Connection closed;
12/04/2019 09:52:11 AM - root - INFO - TOPIC:Database Users; EVENT:Connection attemp;
12/04/2019 09:52:11 AM - root - INFO - TOPIC:Database Users; EVENT:Connection successful;
12/04/2019 09:52:11 AM - root - ERROR - TOPIC:Database Users; EVENT:Connection failed;
12/04/2019 09:52:11 AM - root - INFO - TOPIC:Database Users; EVENT:Connection closed;
12/04/2019 09:52:11 AM - root - INFO - TOPIC:Database Users; EVENT:Connection attemp;
12/04/2019 09:52:11 AM - root - INFO - TOPIC:Database Users; EVENT:Connection successful;
12/04/2019 09:52:11 AM - root - INFO - TOPIC:Database Users; EVENT:Connection closed;
12/04/2019 09:52:12 AM - root - INFO - TOPIC:Server; EVENT:Server started;
12/04/2019 09:52:12 AM - root - INFO - TOPIC:Server; EVENT:Connection attempt;
12/04/2019 09:52:17 AM - root - INFO - TOPIC:Database Users; EVENT:Connection attemp;
12/04/2019 09:52:17 AM - root - INFO - TOPIC:Database Users; EVENT:Connection successful;
12/04/2019 09:52:18 AM - root - INFO - TOPIC:Database Users; EVENT:Connection closed;
12/04/2019 09:52:21 AM - root - INFO - TOPIC:Database Users; EVENT:Connection attemp;
12/04/2019 09:52:21 AM - root - INFO - TOPIC:Database Users; EVENT:Connection successful;
12/04/2019 09:52:21 AM - root - INFO - TOPIC:Database Users; EVENT:Connection closed;
12/04/2019 09:52:21 AM - root - INFO - TOPIC:Database Users; EVENT:Connection attemp;
12/04/2019 09:52:21 AM - root - INFO - TOPIC:Database Users; EVENT:Connection successful;
12/04/2019 09:52:21 AM - root - INFO - TOPIC:Database Users; EVENT:Connection closed;
12/04/2019 09:55:13 AM - root - INFO - TOPIC:Database Users; EVENT:Connection attemp;
12/04/2019 09:55:14 AM - root - INFO - TOPIC:Database Users; EVENT:Connection successful;
12/04/2019 09:55:14 AM - root - ERROR - TOPIC:Database Users; EVENT:Connection failed;
12/04/2019 09:55:14 AM - root - INFO - TOPIC:Database Users; EVENT:Connection closed;
12/04/2019 09:55:14 AM - root - INFO - TOPIC:Database Users; EVENT:Connection attemp;
12/04/2019 09:55:14 AM - root - INFO - TOPIC:Database Users; EVENT:Connection successful;
12/04/2019 09:55:14 AM - root - INFO - TOPIC:Database Users; EVENT:Connection closed;
12/04/2019 09:55:15 AM - root - INFO - TOPIC:Server; EVENT:Server started;
12/04/2019 09:55:15 AM - root - INFO - TOPIC:Server; EVENT:Connection attempt;
12/04/2019 09:55:20 AM - root - INFO - TOPIC:Database Users; EVENT:Connection attemp;
12/04/2019 09:55:20 AM - root - INFO - TOPIC:Database Users; EVENT:Connection successful;
12/04/2019 09:55:21 AM - root - INFO - TOPIC:Database Users; EVENT:Connection closed;
12/04/2019 09:55:23 AM - root - INFO - TOPIC:Database Users; EVENT:Connection attemp;
12/04/2019 09:55:23 AM - root - INFO - TOPIC:Database Users; EVENT:Connection successful;
12/04/2019 09:55:23 AM - root - INFO - TOPIC:Database Users; EVENT:Connection closed;
12/04/2019 09:55:23 AM - root - INFO - TOPIC:Database Users; EVENT:Connection attemp;
12/04/2019 09:55:23 AM - root - INFO - TOPIC:Database Users; EVENT:Connection successful;
12/04/2019 09:55:23 AM - root - INFO - TOPIC:Database Users; EVENT:Connection closed;
12/04/2019 09:56:56 AM - root - INFO - TOPIC:Database Users; EVENT:Connection attemp;
12/04/2019 09:56:56 AM - root - INFO - TOPIC:Database Users; EVENT:Connection successful;
12/04/2019 09:56:56 AM - root - ERROR - TOPIC:Database Users; EVENT:Connection failed;
12/04/2019 09:56:56 AM - root - INFO - TOPIC:Database Users; EVENT:Connection closed;
12/04/2019 09:56:56 AM - root - INFO - TOPIC:Database Users; EVENT:Connection attemp;
12/04/2019 09:56:56 AM - root - INFO - TOPIC:Database Users; EVENT:Connection successful;
12/04/2019 09:56:56 AM - root - INFO - TOPIC:Database Users; EVENT:Connection closed;
12/04/2019 09:56:57 AM - root - INFO - TOPIC:Server; EVENT:Server started;
12/04/2019 09:56:57 AM - root - INFO - TOPIC:Server; EVENT:Connection attempt;
12/04/2019 09:57:01 AM - root - INFO - TOPIC:Database Users; EVENT:Connection attemp;
12/04/2019 09:57:01 AM - root - INFO - TOPIC:Database Users; EVENT:Connection successful;
12/04/2019 09:57:02 AM - root - INFO - TOPIC:Database Users; EVENT:Connection closed;
12/04/2019 09:57:05 AM - root - INFO - TOPIC:Database Users; EVENT:Connection attemp;
12/04/2019 09:57:05 AM - root - INFO - TOPIC:Database Users; EVENT:Connection successful;
12/04/2019 09:57:05 AM - root - INFO - TOPIC:Database Users; EVENT:Connection closed;
12/04/2019 09:57:05 AM - root - INFO - TOPIC:Database Users; EVENT:Connection attemp;
12/04/2019 09:57:05 AM - root - INFO - TOPIC:Database Users; EVENT:Connection successful;
12/04/2019 09:57:05 AM - root - INFO - TOPIC:Database Users; EVENT:Connection closed;
12/04/2019 09:57:05 AM - root - INFO - TOPIC:Database Scoreboard; EVENT:Connection attempt;
12/04/2019 09:57:05 AM - root - INFO - TOPIC:Database Scoreboard; EVENT:Connection closed;
12/04/2019 09:59:51 AM - root - INFO - TOPIC:Database Users; EVENT:Connection attemp;
12/04/2019 09:59:51 AM - root - INFO - TOPIC:Database Users; EVENT:Connection successful;
12/04/2019 09:59:51 AM - root - ERROR - TOPIC:Database Users; EVENT:Connection failed;
12/04/2019 09:59:51 AM - root - INFO - TOPIC:Database Users; EVENT:Connection closed;
12/04/2019 09:59:51 AM - root - INFO - TOPIC:Database Users; EVENT:Connection attemp;
12/04/2019 09:59:51 AM - root - INFO - TOPIC:Database Users; EVENT:Connection successful;
12/04/2019 09:59:51 AM - root - INFO - TOPIC:Database Users; EVENT:Connection closed;
12/04/2019 09:59:52 AM - root - INFO - TOPIC:Server; EVENT:Server started;
12/04/2019 09:59:52 AM - root - INFO - TOPIC:Server; EVENT:Connection attempt;
12/04/2019 09:59:56 AM - root - INFO - TOPIC:Database Users; EVENT:Connection attemp;
12/04/2019 09:59:56 AM - root - INFO - TOPIC:Database Users; EVENT:Connection successful;
12/04/2019 09:59:57 AM - root - INFO - TOPIC:Database Users; EVENT:Connection closed;
12/04/2019 09:59:59 AM - root - INFO - TOPIC:Database Users; EVENT:Connection attemp;
12/04/2019 09:59:59 AM - root - INFO - TOPIC:Database Users; EVENT:Connection successful;
12/04/2019 09:59:59 AM - root - INFO - TOPIC:Database Users; EVENT:Connection closed;
12/04/2019 09:59:59 AM - root - INFO - TOPIC:Database Users; EVENT:Connection attemp;
12/04/2019 09:59:59 AM - root - INFO - TOPIC:Database Users; EVENT:Connection successful;
12/04/2019 09:59:59 AM - root - INFO - TOPIC:Database Users; EVENT:Connection closed;
12/04/2019 09:59:59 AM - root - INFO - TOPIC:Database Scoreboard; EVENT:Connection attempt;
12/04/2019 09:59:59 AM - root - INFO - TOPIC:Database Scoreboard; EVENT:Connection closed;
12/04/2019 10:00:41 AM - root - INFO - TOPIC:Database Users; EVENT:Connection attemp;
12/04/2019 10:00:41 AM - root - INFO - TOPIC:Database Users; EVENT:Connection successful;
12/04/2019 10:00:41 AM - root - ERROR - TOPIC:Database Users; EVENT:Connection failed;
12/04/2019 10:00:41 AM - root - INFO - TOPIC:Database Users; EVENT:Connection closed;
12/04/2019 10:00:41 AM - root - INFO - TOPIC:Database Users; EVENT:Connection attemp;
12/04/2019 10:00:41 AM - root - INFO - TOPIC:Database Users; EVENT:Connection successful;
12/04/2019 10:00:41 AM - root - INFO - TOPIC:Database Users; EVENT:Connection closed;
12/04/2019 10:00:42 AM - root - INFO - TOPIC:Server; EVENT:Server started;
12/04/2019 10:00:52 AM - root - INFO - TOPIC:Database Users; EVENT:Connection attemp;
12/04/2019 10:00:52 AM - root - INFO - TOPIC:Database Users; EVENT:Connection successful;
12/04/2019 10:00:52 AM - root - ERROR - TOPIC:Database Users; EVENT:Connection failed;
12/04/2019 10:00:52 AM - root - INFO - TOPIC:Database Users; EVENT:Connection closed;
12/04/2019 10:00:52 AM - root - INFO - TOPIC:Database Users; EVENT:Connection attemp;
12/04/2019 10:00:52 AM - root - INFO - TOPIC:Database Users; EVENT:Connection successful;
12/04/2019 10:00:52 AM - root - INFO - TOPIC:Database Users; EVENT:Connection closed;
12/04/2019 10:00:53 AM - root - INFO - TOPIC:Server; EVENT:Server started;
12/04/2019 10:01:04 AM - root - INFO - TOPIC:Database Users; EVENT:Connection attemp;
12/04/2019 10:01:04 AM - root - INFO - TOPIC:Database Users; EVENT:Connection successful;
12/04/2019 10:01:04 AM - root - ERROR - TOPIC:Database Users; EVENT:Connection failed;
12/04/2019 10:01:04 AM - root - INFO - TOPIC:Database Users; EVENT:Connection closed;
12/04/2019 10:01:04 AM - root - INFO - TOPIC:Database Users; EVENT:Connection attemp;
12/04/2019 10:01:04 AM - root - INFO - TOPIC:Database Users; EVENT:Connection successful;
12/04/2019 10:01:04 AM - root - INFO - TOPIC:Database Users; EVENT:Connection closed;
12/04/2019 10:01:05 AM - root - INFO - TOPIC:Server; EVENT:Server started;
12/04/2019 10:01:11 AM - root - INFO - TOPIC:Database Users; EVENT:Connection attemp;
12/04/2019 10:01:11 AM - root - INFO - TOPIC:Database Users; EVENT:Connection successful;
12/04/2019 10:01:11 AM - root - ERROR - TOPIC:Database Users; EVENT:Connection failed;
12/04/2019 10:01:11 AM - root - INFO - TOPIC:Database Users; EVENT:Connection closed;
12/04/2019 10:01:11 AM - root - INFO - TOPIC:Database Users; EVENT:Connection attemp;
12/04/2019 10:01:11 AM - root - INFO - TOPIC:Database Users; EVENT:Connection successful;
12/04/2019 10:01:11 AM - root - INFO - TOPIC:Database Users; EVENT:Connection closed;
12/04/2019 10:01:11 AM - root - INFO - TOPIC:Server; EVENT:Server started;
12/04/2019 10:01:16 AM - root - INFO - TOPIC:Database Users; EVENT:Connection attemp;
12/04/2019 10:01:17 AM - root - INFO - TOPIC:Database Users; EVENT:Connection successful;
12/04/2019 10:01:17 AM - root - ERROR - TOPIC:Database Users; EVENT:Connection failed;
12/04/2019 10:01:17 AM - root - INFO - TOPIC:Database Users; EVENT:Connection closed;
12/04/2019 10:01:17 AM - root - INFO - TOPIC:Database Users; EVENT:Connection attemp;
12/04/2019 10:01:17 AM - root - INFO - TOPIC:Database Users; EVENT:Connection successful;
12/04/2019 10:01:17 AM - root - INFO - TOPIC:Database Users; EVENT:Connection closed;
12/04/2019 10:01:17 AM - root - INFO - TOPIC:Server; EVENT:Server started;
12/04/2019 10:01:24 AM - root - INFO - TOPIC:Database Users; EVENT:Connection attemp;
12/04/2019 10:01:24 AM - root - INFO - TOPIC:Database Users; EVENT:Connection successful;
12/04/2019 10:01:24 AM - root - ERROR - TOPIC:Database Users; EVENT:Connection failed;
12/04/2019 10:01:24 AM - root - INFO - TOPIC:Database Users; EVENT:Connection closed;
12/04/2019 10:01:24 AM - root - INFO - TOPIC:Database Users; EVENT:Connection attemp;
12/04/2019 10:01:24 AM - root - INFO - TOPIC:Database Users; EVENT:Connection successful;
12/04/2019 10:01:24 AM - root - INFO - TOPIC:Database Users; EVENT:Connection closed;
12/04/2019 10:01:24 AM - root - INFO - TOPIC:Server; EVENT:Server started;
12/04/2019 10:01:43 AM - root - INFO - TOPIC:Database Users; EVENT:Connection attemp;
12/04/2019 10:01:43 AM - root - INFO - TOPIC:Database Users; EVENT:Connection successful;
12/04/2019 10:01:43 AM - root - ERROR - TOPIC:Database Users; EVENT:Connection failed;
12/04/2019 10:01:43 AM - root - INFO - TOPIC:Database Users; EVENT:Connection closed;
12/04/2019 10:01:43 AM - root - INFO - TOPIC:Database Users; EVENT:Connection attemp;
12/04/2019 10:01:43 AM - root - INFO - TOPIC:Database Users; EVENT:Connection successful;
12/04/2019 10:01:43 AM - root - INFO - TOPIC:Database Users; EVENT:Connection closed;
12/04/2019 10:01:43 AM - root - INFO - TOPIC:Server; EVENT:Server started;
12/04/2019 10:01:43 AM - root - INFO - TOPIC:Server; EVENT:Connection attempt;
12/04/2019 10:01:51 AM - root - INFO - TOPIC:Database Users; EVENT:Connection attemp;
12/04/2019 10:01:51 AM - root - INFO - TOPIC:Database Users; EVENT:Connection successful;
12/04/2019 10:01:52 AM - root - INFO - TOPIC:Database Users; EVENT:Connection closed;
12/04/2019 10:01:54 AM - root - INFO - TOPIC:Database Users; EVENT:Connection attemp;
12/04/2019 10:01:54 AM - root - INFO - TOPIC:Database Users; EVENT:Connection successful;
12/04/2019 10:01:54 AM - root - INFO - TOPIC:Database Users; EVENT:Connection closed;
12/04/2019 10:01:54 AM - root - INFO - TOPIC:Database Users; EVENT:Connection attemp;
12/04/2019 10:01:54 AM - root - INFO - TOPIC:Database Users; EVENT:Connection successful;
12/04/2019 10:01:54 AM - root - INFO - TOPIC:Database Users; EVENT:Connection closed;
12/04/2019 10:01:54 AM - root - INFO - TOPIC:Database Scoreboard; EVENT:Connection attempt;
12/04/2019 10:01:54 AM - root - INFO - TOPIC:Database Scoreboard; EVENT:Connection closed;
12/04/2019 10:03:57 AM - root - INFO - TOPIC:Database Users; EVENT:Connection attemp;
12/04/2019 10:03:57 AM - root - INFO - TOPIC:Database Users; EVENT:Connection successful;
12/04/2019 10:03:57 AM - root - ERROR - TOPIC:Database Users; EVENT:Connection failed;
12/04/2019 10:03:57 AM - root - INFO - TOPIC:Database Users; EVENT:Connection closed;
12/04/2019 10:03:57 AM - root - INFO - TOPIC:Database Users; EVENT:Connection attemp;
12/04/2019 10:03:57 AM - root - INFO - TOPIC:Database Users; EVENT:Connection successful;
12/04/2019 10:03:57 AM - root - INFO - TOPIC:Database Users; EVENT:Connection closed;
12/04/2019 10:03:58 AM - root - INFO - TOPIC:Server; EVENT:Server started;
12/04/2019 10:04:18 AM - root - INFO - TOPIC:Database Users; EVENT:Connection attemp;
12/04/2019 10:04:18 AM - root - INFO - TOPIC:Database Users; EVENT:Connection successful;
12/04/2019 10:04:18 AM - root - ERROR - TOPIC:Database Users; EVENT:Connection failed;
12/04/2019 10:04:18 AM - root - INFO - TOPIC:Database Users; EVENT:Connection closed;
12/04/2019 10:04:18 AM - root - INFO - TOPIC:Database Users; EVENT:Connection attemp;
12/04/2019 10:04:18 AM - root - INFO - TOPIC:Database Users; EVENT:Connection successful;
12/04/2019 10:04:18 AM - root - INFO - TOPIC:Database Users; EVENT:Connection closed;
12/04/2019 10:04:18 AM - root - INFO - TOPIC:Server; EVENT:Server started;
12/04/2019 10:04:32 AM - root - INFO - TOPIC:Database Users; EVENT:Connection attemp;
12/04/2019 10:04:32 AM - root - INFO - TOPIC:Database Users; EVENT:Connection successful;
12/04/2019 10:04:32 AM - root - ERROR - TOPIC:Database Users; EVENT:Connection failed;
12/04/2019 10:04:32 AM - root - INFO - TOPIC:Database Users; EVENT:Connection closed;
12/04/2019 10:04:32 AM - root - INFO - TOPIC:Database Users; EVENT:Connection attemp;
12/04/2019 10:04:32 AM - root - INFO - TOPIC:Database Users; EVENT:Connection successful;
12/04/2019 10:04:32 AM - root - INFO - TOPIC:Database Users; EVENT:Connection closed;
12/04/2019 10:04:32 AM - root - INFO - TOPIC:Server; EVENT:Server started;
12/04/2019 10:04:45 AM - root - INFO - TOPIC:Database Users; EVENT:Connection attemp;
12/04/2019 10:04:45 AM - root - INFO - TOPIC:Database Users; EVENT:Connection successful;
12/04/2019 10:04:45 AM - root - ERROR - TOPIC:Database Users; EVENT:Connection failed;
12/04/2019 10:04:45 AM - root - INFO - TOPIC:Database Users; EVENT:Connection closed;
12/04/2019 10:04:45 AM - root - INFO - TOPIC:Database Users; EVENT:Connection attemp;
12/04/2019 10:04:45 AM - root - INFO - TOPIC:Database Users; EVENT:Connection successful;
12/04/2019 10:04:45 AM - root - INFO - TOPIC:Database Users; EVENT:Connection closed;
12/04/2019 10:04:45 AM - root - INFO - TOPIC:Server; EVENT:Server started;
12/04/2019 10:04:45 AM - root - INFO - TOPIC:Server; EVENT:Connection attempt;
12/04/2019 10:04:54 AM - root - INFO - TOPIC:Database Users; EVENT:Connection attemp;
12/04/2019 10:04:54 AM - root - INFO - TOPIC:Database Users; EVENT:Connection successful;
12/04/2019 10:04:55 AM - root - INFO - TOPIC:Database Users; EVENT:Connection closed;
12/04/2019 10:04:57 AM - root - INFO - TOPIC:Database Users; EVENT:Connection attemp;
12/04/2019 10:04:57 AM - root - INFO - TOPIC:Database Users; EVENT:Connection successful;
12/04/2019 10:04:57 AM - root - INFO - TOPIC:Database Users; EVENT:Connection closed;
12/04/2019 10:04:57 AM - root - INFO - TOPIC:Database Users; EVENT:Connection attemp;
12/04/2019 10:04:57 AM - root - INFO - TOPIC:Database Users; EVENT:Connection successful;
12/04/2019 10:04:57 AM - root - INFO - TOPIC:Database Users; EVENT:Connection closed;
12/04/2019 10:04:57 AM - root - INFO - TOPIC:Database Scoreboard; EVENT:Connection attempt;
12/04/2019 10:04:57 AM - root - INFO - TOPIC:Database Scoreboard; EVENT:Connection closed;
12/04/2019 10:05:44 AM - root - INFO - TOPIC:Server; EVENT:Server closed;
12/04/2019 10:05:50 AM - root - INFO - TOPIC:Database Users; EVENT:Connection attemp;
12/04/2019 10:05:50 AM - root - INFO - TOPIC:Database Users; EVENT:Connection successful;
12/04/2019 10:05:50 AM - root - ERROR - TOPIC:Database Users; EVENT:Connection failed;
12/04/2019 10:05:50 AM - root - INFO - TOPIC:Database Users; EVENT:Connection closed;
12/04/2019 10:05:50 AM - root - INFO - TOPIC:Database Users; EVENT:Connection attemp;
12/04/2019 10:05:50 AM - root - INFO - TOPIC:Database Users; EVENT:Connection successful;
12/04/2019 10:05:50 AM - root - INFO - TOPIC:Database Users; EVENT:Connection closed;
12/04/2019 10:05:50 AM - root - INFO - TOPIC:Server; EVENT:Server started;
12/04/2019 10:05:50 AM - root - INFO - TOPIC:Server; EVENT:Connection attempt;
12/04/2019 10:05:55 AM - root - INFO - TOPIC:Database Users; EVENT:Connection attemp;
12/04/2019 10:05:55 AM - root - INFO - TOPIC:Database Users; EVENT:Connection successful;
12/04/2019 10:05:56 AM - root - INFO - TOPIC:Database Users; EVENT:Connection closed;
12/04/2019 10:05:58 AM - root - INFO - TOPIC:Database Users; EVENT:Connection attemp;
12/04/2019 10:05:58 AM - root - INFO - TOPIC:Database Users; EVENT:Connection successful;
12/04/2019 10:05:58 AM - root - INFO - TOPIC:Database Users; EVENT:Connection closed;
12/04/2019 10:05:58 AM - root - INFO - TOPIC:Database Users; EVENT:Connection attemp;
12/04/2019 10:05:58 AM - root - INFO - TOPIC:Database Users; EVENT:Connection successful;
12/04/2019 10:05:58 AM - root - INFO - TOPIC:Database Users; EVENT:Connection closed;
12/04/2019 10:05:58 AM - root - INFO - TOPIC:Database Scoreboard; EVENT:Connection attempt;
12/04/2019 10:05:58 AM - root - INFO - TOPIC:Database Scoreboard; EVENT:Connection closed;
12/04/2019 10:06:37 AM - root - INFO - TOPIC:Server; EVENT:Server closed;
12/04/2019 10:06:40 AM - root - INFO - TOPIC:Database Users; EVENT:Connection attemp;
12/04/2019 10:06:40 AM - root - INFO - TOPIC:Database Users; EVENT:Connection successful;
12/04/2019 10:06:40 AM - root - ERROR - TOPIC:Database Users; EVENT:Connection failed;
12/04/2019 10:06:40 AM - root - INFO - TOPIC:Database Users; EVENT:Connection closed;
12/04/2019 10:06:40 AM - root - INFO - TOPIC:Database Users; EVENT:Connection attemp;
12/04/2019 10:06:40 AM - root - INFO - TOPIC:Database Users; EVENT:Connection successful;
12/04/2019 10:06:40 AM - root - INFO - TOPIC:Database Users; EVENT:Connection closed;
12/04/2019 10:06:40 AM - root - INFO - TOPIC:Server; EVENT:Server started;
12/04/2019 10:06:40 AM - root - INFO - TOPIC:Server; EVENT:Connection attempt;
12/04/2019 10:06:45 AM - root - INFO - TOPIC:Database Users; EVENT:Connection attemp;
12/04/2019 10:06:45 AM - root - INFO - TOPIC:Database Users; EVENT:Connection successful;
12/04/2019 10:06:46 AM - root - INFO - TOPIC:Database Users; EVENT:Connection closed;
12/04/2019 10:06:48 AM - root - INFO - TOPIC:Database Users; EVENT:Connection attemp;
12/04/2019 10:06:48 AM - root - INFO - TOPIC:Database Users; EVENT:Connection successful;
12/04/2019 10:06:48 AM - root - INFO - TOPIC:Database Users; EVENT:Connection closed;
12/04/2019 10:06:48 AM - root - INFO - TOPIC:Database Users; EVENT:Connection attemp;
12/04/2019 10:06:48 AM - root - INFO - TOPIC:Database Users; EVENT:Connection successful;
12/04/2019 10:06:48 AM - root - INFO - TOPIC:Database Users; EVENT:Connection closed;
12/04/2019 10:06:48 AM - root - INFO - TOPIC:Database Scoreboard; EVENT:Connection attempt;
12/04/2019 10:06:48 AM - root - INFO - TOPIC:Database Scoreboard; EVENT:Connection closed;
12/04/2019 10:07:13 AM - root - INFO - TOPIC:Database Users; EVENT:Connection attemp;
12/04/2019 10:07:13 AM - root - INFO - TOPIC:Database Users; EVENT:Connection successful;
12/04/2019 10:07:13 AM - root - INFO - TOPIC:Database Users; EVENT:Connection closed;
12/04/2019 10:07:13 AM - root - INFO - TOPIC:Database Users; EVENT:Connection attemp;
12/04/2019 10:07:13 AM - root - INFO - TOPIC:Database Users; EVENT:Connection successful;
12/04/2019 10:07:13 AM - root - INFO - TOPIC:Database Users; EVENT:Connection closed;
12/04/2019 10:07:13 AM - root - INFO - TOPIC:Database Scoreboard; EVENT:Connection attempt;
12/04/2019 10:07:13 AM - root - INFO - TOPIC:Database Scoreboard; EVENT:Connection closed;
12/04/2019 10:07:16 AM - root - INFO - TOPIC:Server; EVENT:Server closed;
12/04/2019 10:07:19 AM - root - INFO - TOPIC:Database Users; EVENT:Connection attemp;
12/04/2019 10:07:19 AM - root - INFO - TOPIC:Database Users; EVENT:Connection successful;
12/04/2019 10:07:19 AM - root - ERROR - TOPIC:Database Users; EVENT:Connection failed;
12/04/2019 10:07:19 AM - root - INFO - TOPIC:Database Users; EVENT:Connection closed;
12/04/2019 10:07:19 AM - root - INFO - TOPIC:Database Users; EVENT:Connection attemp;
12/04/2019 10:07:19 AM - root - INFO - TOPIC:Database Users; EVENT:Connection successful;
12/04/2019 10:07:20 AM - root - INFO - TOPIC:Database Users; EVENT:Connection closed;
12/04/2019 10:07:20 AM - root - INFO - TOPIC:Server; EVENT:Server started;
12/04/2019 10:07:20 AM - root - INFO - TOPIC:Server; EVENT:Connection attempt;
12/04/2019 10:07:25 AM - root - INFO - TOPIC:Database Users; EVENT:Connection attemp;
12/04/2019 10:07:25 AM - root - INFO - TOPIC:Database Users; EVENT:Connection successful;
12/04/2019 10:07:26 AM - root - INFO - TOPIC:Database Users; EVENT:Connection closed;
12/04/2019 10:07:28 AM - root - INFO - TOPIC:Database Users; EVENT:Connection attemp;
12/04/2019 10:07:28 AM - root - INFO - TOPIC:Database Users; EVENT:Connection successful;
12/04/2019 10:07:28 AM - root - INFO - TOPIC:Database Users; EVENT:Connection closed;
12/04/2019 10:07:28 AM - root - INFO - TOPIC:Database Users; EVENT:Connection attemp;
12/04/2019 10:07:28 AM - root - INFO - TOPIC:Database Users; EVENT:Connection successful;
12/04/2019 10:07:28 AM - root - INFO - TOPIC:Database Users; EVENT:Connection closed;
12/04/2019 10:07:28 AM - root - INFO - TOPIC:Database Scoreboard; EVENT:Connection attempt;
12/04/2019 10:07:28 AM - root - INFO - TOPIC:Database Scoreboard; EVENT:Connection closed;
12/04/2019 10:12:27 AM - root - INFO - TOPIC:Server; EVENT:Server closed;
12/04/2019 10:12:48 AM - root - INFO - TOPIC:Database Users; EVENT:Connection attemp;
12/04/2019 10:12:48 AM - root - INFO - TOPIC:Database Users; EVENT:Connection successful;
12/04/2019 10:12:48 AM - root - ERROR - TOPIC:Database Users; EVENT:Connection failed;
12/04/2019 10:12:48 AM - root - INFO - TOPIC:Database Users; EVENT:Connection closed;
12/04/2019 10:12:49 AM - root - INFO - TOPIC:Database Users; EVENT:Connection attemp;
12/04/2019 10:12:49 AM - root - INFO - TOPIC:Database Users; EVENT:Connection successful;
12/04/2019 10:12:49 AM - root - INFO - TOPIC:Database Users; EVENT:Connection closed;
12/04/2019 10:12:49 AM - root - INFO - TOPIC:Server; EVENT:Server started;
12/04/2019 10:12:49 AM - root - INFO - TOPIC:Server; EVENT:Connection attempt;
12/04/2019 10:12:54 AM - root - INFO - TOPIC:Database Users; EVENT:Connection attemp;
12/04/2019 10:12:54 AM - root - INFO - TOPIC:Database Users; EVENT:Connection successful;
12/04/2019 10:12:54 AM - root - ERROR - TOPIC:Database Users; EVENT:Connection failed;
12/04/2019 10:12:54 AM - root - INFO - TOPIC:Database Users; EVENT:Connection closed;
12/04/2019 10:12:59 AM - root - INFO - TOPIC:Database Users; EVENT:Connection attemp;
12/04/2019 10:12:59 AM - root - INFO - TOPIC:Database Users; EVENT:Connection successful;
12/04/2019 10:13:00 AM - root - INFO - TOPIC:Database Users; EVENT:Connection closed;
12/04/2019 10:13:04 AM - root - INFO - TOPIC:Database Users; EVENT:Connection attemp;
12/04/2019 10:13:04 AM - root - INFO - TOPIC:Database Users; EVENT:Connection successful;
12/04/2019 10:13:04 AM - root - INFO - TOPIC:Database Users; EVENT:Connection closed;
12/04/2019 10:13:04 AM - root - INFO - TOPIC:Database Users; EVENT:Connection attemp;
12/04/2019 10:13:04 AM - root - INFO - TOPIC:Database Users; EVENT:Connection successful;
12/04/2019 10:13:04 AM - root - INFO - TOPIC:Database Users; EVENT:Connection closed;
12/04/2019 10:13:04 AM - root - INFO - TOPIC:Database Scoreboard; EVENT:Connection attempt;
12/04/2019 10:13:04 AM - root - INFO - TOPIC:Database Scoreboard; EVENT:Connection closed;
12/04/2019 10:14:08 AM - root - INFO - TOPIC:Server; EVENT:Server closed;
12/04/2019 10:14:19 AM - root - INFO - TOPIC:Database Users; EVENT:Connection attemp;
12/04/2019 10:14:19 AM - root - INFO - TOPIC:Database Users; EVENT:Connection successful;
12/04/2019 10:14:19 AM - root - ERROR - TOPIC:Database Users; EVENT:Connection failed;
12/04/2019 10:14:19 AM - root - INFO - TOPIC:Database Users; EVENT:Connection closed;
12/04/2019 10:14:19 AM - root - INFO - TOPIC:Database Users; EVENT:Connection attemp;
12/04/2019 10:14:19 AM - root - INFO - TOPIC:Database Users; EVENT:Connection successful;
12/04/2019 10:14:19 AM - root - INFO - TOPIC:Database Users; EVENT:Connection closed;
12/04/2019 10:14:19 AM - root - INFO - TOPIC:Server; EVENT:Server started;
12/04/2019 10:14:19 AM - root - INFO - TOPIC:Server; EVENT:Connection attempt;
12/04/2019 10:14:23 AM - root - INFO - TOPIC:Database Users; EVENT:Connection attemp;
12/04/2019 10:14:23 AM - root - INFO - TOPIC:Database Users; EVENT:Connection successful;
12/04/2019 10:14:24 AM - root - INFO - TOPIC:Database Users; EVENT:Connection closed;
12/04/2019 10:14:26 AM - root - INFO - TOPIC:Database Users; EVENT:Connection attemp;
12/04/2019 10:14:26 AM - root - INFO - TOPIC:Database Users; EVENT:Connection successful;
12/04/2019 10:14:26 AM - root - INFO - TOPIC:Database Users; EVENT:Connection closed;
12/04/2019 10:14:26 AM - root - INFO - TOPIC:Database Users; EVENT:Connection attemp;
12/04/2019 10:14:26 AM - root - INFO - TOPIC:Database Users; EVENT:Connection successful;
12/04/2019 10:14:26 AM - root - INFO - TOPIC:Database Users; EVENT:Connection closed;
12/04/2019 10:14:26 AM - root - INFO - TOPIC:Database Scoreboard; EVENT:Connection attempt;
12/04/2019 10:14:26 AM - root - INFO - TOPIC:Database Scoreboard; EVENT:Connection closed;
12/04/2019 10:14:42 AM - root - INFO - TOPIC:Server; EVENT:Server closed;
12/04/2019 10:14:46 AM - root - INFO - TOPIC:Database Users; EVENT:Connection attemp;
12/04/2019 10:14:46 AM - root - INFO - TOPIC:Database Users; EVENT:Connection successful;
12/04/2019 10:14:46 AM - root - ERROR - TOPIC:Database Users; EVENT:Connection failed;
12/04/2019 10:14:46 AM - root - INFO - TOPIC:Database Users; EVENT:Connection closed;
12/04/2019 10:14:46 AM - root - INFO - TOPIC:Database Users; EVENT:Connection attemp;
12/04/2019 10:14:46 AM - root - INFO - TOPIC:Database Users; EVENT:Connection successful;
12/04/2019 10:14:46 AM - root - INFO - TOPIC:Database Users; EVENT:Connection closed;
12/04/2019 10:14:46 AM - root - INFO - TOPIC:Server; EVENT:Server started;
12/04/2019 10:14:46 AM - root - INFO - TOPIC:Server; EVENT:Connection attempt;
12/04/2019 10:14:52 AM - root - INFO - TOPIC:Database Users; EVENT:Connection attemp;
12/04/2019 10:14:52 AM - root - INFO - TOPIC:Database Users; EVENT:Connection successful;
12/04/2019 10:14:53 AM - root - INFO - TOPIC:Database Users; EVENT:Connection closed;
12/04/2019 10:14:55 AM - root - INFO - TOPIC:Database Users; EVENT:Connection attemp;
12/04/2019 10:14:55 AM - root - INFO - TOPIC:Database Users; EVENT:Connection successful;
12/04/2019 10:14:55 AM - root - INFO - TOPIC:Database Users; EVENT:Connection closed;
12/04/2019 10:14:55 AM - root - INFO - TOPIC:Database Users; EVENT:Connection attemp;
12/04/2019 10:14:55 AM - root - INFO - TOPIC:Database Users; EVENT:Connection successful;
12/04/2019 10:14:55 AM - root - INFO - TOPIC:Database Users; EVENT:Connection closed;
12/04/2019 10:14:55 AM - root - INFO - TOPIC:Database Scoreboard; EVENT:Connection attempt;
12/04/2019 10:14:55 AM - root - INFO - TOPIC:Database Scoreboard; EVENT:Connection closed;
12/04/2019 10:15:11 AM - root - INFO - TOPIC:Server; EVENT:Server closed;
12/04/2019 10:15:17 AM - root - INFO - TOPIC:Database Users; EVENT:Connection attemp;
12/04/2019 10:15:17 AM - root - INFO - TOPIC:Database Users; EVENT:Connection successful;
12/04/2019 10:15:17 AM - root - ERROR - TOPIC:Database Users; EVENT:Connection failed;
12/04/2019 10:15:17 AM - root - INFO - TOPIC:Database Users; EVENT:Connection closed;
12/04/2019 10:15:17 AM - root - INFO - TOPIC:Database Users; EVENT:Connection attemp;
12/04/2019 10:15:17 AM - root - INFO - TOPIC:Database Users; EVENT:Connection successful;
12/04/2019 10:15:17 AM - root - INFO - TOPIC:Database Users; EVENT:Connection closed;
12/04/2019 10:15:17 AM - root - INFO - TOPIC:Server; EVENT:Server started;
12/04/2019 10:15:17 AM - root - INFO - TOPIC:Server; EVENT:Connection attempt;
12/04/2019 10:15:21 AM - root - INFO - TOPIC:Database Users; EVENT:Connection attemp;
12/04/2019 10:15:21 AM - root - INFO - TOPIC:Database Users; EVENT:Connection successful;
12/04/2019 10:15:22 AM - root - INFO - TOPIC:Database Users; EVENT:Connection closed;
12/04/2019 10:15:25 AM - root - INFO - TOPIC:Database Users; EVENT:Connection attemp;
12/04/2019 10:15:25 AM - root - INFO - TOPIC:Database Users; EVENT:Connection successful;
12/04/2019 10:15:25 AM - root - INFO - TOPIC:Database Users; EVENT:Connection closed;
12/04/2019 10:15:25 AM - root - INFO - TOPIC:Database Users; EVENT:Connection attemp;
12/04/2019 10:15:25 AM - root - INFO - TOPIC:Database Users; EVENT:Connection successful;
12/04/2019 10:15:25 AM - root - INFO - TOPIC:Database Users; EVENT:Connection closed;
12/04/2019 10:15:25 AM - root - INFO - TOPIC:Database Scoreboard; EVENT:Connection attempt;
12/04/2019 10:15:25 AM - root - INFO - TOPIC:Database Scoreboard; EVENT:Connection closed;
12/04/2019 10:15:54 AM - root - INFO - TOPIC:Server; EVENT:Server closed;
12/04/2019 10:15:58 AM - root - INFO - TOPIC:Database Users; EVENT:Connection attemp;
12/04/2019 10:15:58 AM - root - INFO - TOPIC:Database Users; EVENT:Connection successful;
12/04/2019 10:15:58 AM - root - ERROR - TOPIC:Database Users; EVENT:Connection failed;
12/04/2019 10:15:58 AM - root - INFO - TOPIC:Database Users; EVENT:Connection closed;
12/04/2019 10:15:58 AM - root - INFO - TOPIC:Database Users; EVENT:Connection attemp;
12/04/2019 10:15:58 AM - root - INFO - TOPIC:Database Users; EVENT:Connection successful;
12/04/2019 10:15:58 AM - root - INFO - TOPIC:Database Users; EVENT:Connection closed;
12/04/2019 10:15:59 AM - root - INFO - TOPIC:Server; EVENT:Server started;
12/04/2019 10:15:59 AM - root - INFO - TOPIC:Server; EVENT:Connection attempt;
12/04/2019 10:16:02 AM - root - INFO - TOPIC:Database Users; EVENT:Connection attemp;
12/04/2019 10:16:02 AM - root - INFO - TOPIC:Database Users; EVENT:Connection successful;
12/04/2019 10:16:04 AM - root - INFO - TOPIC:Database Users; EVENT:Connection closed;
12/04/2019 10:16:06 AM - root - INFO - TOPIC:Database Users; EVENT:Connection attemp;
12/04/2019 10:16:06 AM - root - INFO - TOPIC:Database Users; EVENT:Connection successful;
12/04/2019 10:16:06 AM - root - INFO - TOPIC:Database Users; EVENT:Connection closed;
12/04/2019 10:16:06 AM - root - INFO - TOPIC:Database Users; EVENT:Connection attemp;
12/04/2019 10:16:06 AM - root - INFO - TOPIC:Database Users; EVENT:Connection successful;
12/04/2019 10:16:06 AM - root - INFO - TOPIC:Database Users; EVENT:Connection closed;
12/04/2019 10:16:06 AM - root - INFO - TOPIC:Database Scoreboard; EVENT:Connection attempt;
12/04/2019 10:16:06 AM - root - INFO - TOPIC:Database Scoreboard; EVENT:Connection closed;
12/04/2019 10:16:13 AM - root - INFO - TOPIC:Server; EVENT:Server closed;
12/04/2019 10:26:27 AM - root - INFO - TOPIC:Database Users; EVENT:Connection attemp;
12/04/2019 10:26:27 AM - root - INFO - TOPIC:Database Users; EVENT:Connection successful;
12/04/2019 10:26:27 AM - root - ERROR - TOPIC:Database Users; EVENT:Connection failed;
12/04/2019 10:26:27 AM - root - INFO - TOPIC:Database Users; EVENT:Connection closed;
12/04/2019 10:26:27 AM - root - INFO - TOPIC:Database Users; EVENT:Connection attemp;
12/04/2019 10:26:27 AM - root - INFO - TOPIC:Database Users; EVENT:Connection successful;
12/04/2019 10:26:27 AM - root - INFO - TOPIC:Database Users; EVENT:Connection closed;
12/04/2019 10:26:28 AM - root - INFO - TOPIC:Server; EVENT:Server started;
12/04/2019 10:26:28 AM - root - INFO - TOPIC:Server; EVENT:Connection attempt;
12/04/2019 10:26:38 AM - root - INFO - TOPIC:Database Users; EVENT:Connection attemp;
12/04/2019 10:26:38 AM - root - INFO - TOPIC:Database Users; EVENT:Connection successful;
12/04/2019 10:26:39 AM - root - INFO - TOPIC:Database Users; EVENT:Connection closed;
12/04/2019 10:30:23 AM - root - INFO - TOPIC:Database Users; EVENT:Connection attemp;
12/04/2019 10:30:23 AM - root - INFO - TOPIC:Database Users; EVENT:Connection successful;
12/04/2019 10:30:23 AM - root - ERROR - TOPIC:Database Users; EVENT:Connection failed;
12/04/2019 10:30:23 AM - root - INFO - TOPIC:Database Users; EVENT:Connection closed;
12/04/2019 10:30:23 AM - root - INFO - TOPIC:Database Users; EVENT:Connection attemp;
12/04/2019 10:30:23 AM - root - INFO - TOPIC:Database Users; EVENT:Connection successful;
12/04/2019 10:30:23 AM - root - INFO - TOPIC:Database Users; EVENT:Connection closed;
12/04/2019 10:30:23 AM - root - INFO - TOPIC:Server; EVENT:Server started;
12/04/2019 10:30:36 AM - root - INFO - TOPIC:Database Users; EVENT:Connection attemp;
12/04/2019 10:30:36 AM - root - INFO - TOPIC:Database Users; EVENT:Connection successful;
12/04/2019 10:30:36 AM - root - ERROR - TOPIC:Database Users; EVENT:Connection failed;
12/04/2019 10:30:36 AM - root - INFO - TOPIC:Database Users; EVENT:Connection closed;
12/04/2019 10:30:36 AM - root - INFO - TOPIC:Database Users; EVENT:Connection attemp;
12/04/2019 10:30:36 AM - root - INFO - TOPIC:Database Users; EVENT:Connection successful;
12/04/2019 10:30:36 AM - root - INFO - TOPIC:Database Users; EVENT:Connection closed;
12/04/2019 10:30:36 AM - root - INFO - TOPIC:Server; EVENT:Server started;
12/04/2019 10:30:36 AM - root - INFO - TOPIC:Server; EVENT:Connection attempt;
12/04/2019 10:30:42 AM - root - INFO - TOPIC:Database Users; EVENT:Connection attemp;
12/04/2019 10:30:42 AM - root - INFO - TOPIC:Database Users; EVENT:Connection successful;
12/04/2019 10:30:43 AM - root - INFO - TOPIC:Database Users; EVENT:Connection closed;
12/04/2019 10:30:45 AM - root - INFO - TOPIC:Database Users; EVENT:Connection attemp;
12/04/2019 10:30:45 AM - root - INFO - TOPIC:Database Users; EVENT:Connection successful;
12/04/2019 10:30:45 AM - root - INFO - TOPIC:Database Users; EVENT:Connection closed;
12/04/2019 10:30:45 AM - root - INFO - TOPIC:Database Users; EVENT:Connection attemp;
12/04/2019 10:30:45 AM - root - INFO - TOPIC:Database Users; EVENT:Connection successful;
12/04/2019 10:30:45 AM - root - INFO - TOPIC:Database Users; EVENT:Connection closed;
12/04/2019 10:30:45 AM - root - INFO - TOPIC:Database Scoreboard; EVENT:Connection attempt;
12/04/2019 10:34:15 AM - root - INFO - TOPIC:Database Users; EVENT:Connection attemp;
12/04/2019 10:34:15 AM - root - INFO - TOPIC:Database Users; EVENT:Connection successful;
12/04/2019 10:34:15 AM - root - ERROR - TOPIC:Database Users; EVENT:Connection failed;
12/04/2019 10:34:15 AM - root - INFO - TOPIC:Database Users; EVENT:Connection closed;
12/04/2019 10:34:15 AM - root - INFO - TOPIC:Database Users; EVENT:Connection attemp;
12/04/2019 10:34:15 AM - root - INFO - TOPIC:Database Users; EVENT:Connection successful;
12/04/2019 10:34:15 AM - root - INFO - TOPIC:Database Users; EVENT:Connection closed;
12/04/2019 10:34:16 AM - root - INFO - TOPIC:Server; EVENT:Server started;
12/04/2019 10:34:33 AM - root - INFO - TOPIC:Database Users; EVENT:Connection attemp;
12/04/2019 10:34:33 AM - root - INFO - TOPIC:Database Users; EVENT:Connection successful;
12/04/2019 10:34:33 AM - root - ERROR - TOPIC:Database Users; EVENT:Connection failed;
12/04/2019 10:34:33 AM - root - INFO - TOPIC:Database Users; EVENT:Connection closed;
12/04/2019 10:34:33 AM - root - INFO - TOPIC:Database Users; EVENT:Connection attemp;
12/04/2019 10:34:33 AM - root - INFO - TOPIC:Database Users; EVENT:Connection successful;
12/04/2019 10:34:33 AM - root - INFO - TOPIC:Database Users; EVENT:Connection closed;
12/04/2019 10:34:33 AM - root - INFO - TOPIC:Server; EVENT:Server started;
12/04/2019 10:34:39 AM - root - INFO - TOPIC:Database Users; EVENT:Connection attemp;
12/04/2019 10:34:39 AM - root - INFO - TOPIC:Database Users; EVENT:Connection successful;
12/04/2019 10:34:39 AM - root - ERROR - TOPIC:Database Users; EVENT:Connection failed;
12/04/2019 10:34:39 AM - root - INFO - TOPIC:Database Users; EVENT:Connection closed;
12/04/2019 10:34:39 AM - root - INFO - TOPIC:Database Users; EVENT:Connection attemp;
12/04/2019 10:34:39 AM - root - INFO - TOPIC:Database Users; EVENT:Connection successful;
12/04/2019 10:34:39 AM - root - INFO - TOPIC:Database Users; EVENT:Connection closed;
12/04/2019 10:34:39 AM - root - INFO - TOPIC:Server; EVENT:Server started;
12/04/2019 10:34:47 AM - root - INFO - TOPIC:Database Users; EVENT:Connection attemp;
12/04/2019 10:34:47 AM - root - INFO - TOPIC:Database Users; EVENT:Connection successful;
12/04/2019 10:34:47 AM - root - ERROR - TOPIC:Database Users; EVENT:Connection failed;
12/04/2019 10:34:47 AM - root - INFO - TOPIC:Database Users; EVENT:Connection closed;
12/04/2019 10:34:47 AM - root - INFO - TOPIC:Database Users; EVENT:Connection attemp;
12/04/2019 10:34:47 AM - root - INFO - TOPIC:Database Users; EVENT:Connection successful;
12/04/2019 10:34:47 AM - root - INFO - TOPIC:Database Users; EVENT:Connection closed;
12/04/2019 10:34:47 AM - root - INFO - TOPIC:Server; EVENT:Server started;
12/04/2019 10:34:53 AM - root - INFO - TOPIC:Database Users; EVENT:Connection attemp;
12/04/2019 10:34:53 AM - root - INFO - TOPIC:Database Users; EVENT:Connection successful;
12/04/2019 10:34:53 AM - root - ERROR - TOPIC:Database Users; EVENT:Connection failed;
12/04/2019 10:34:53 AM - root - INFO - TOPIC:Database Users; EVENT:Connection closed;
12/04/2019 10:34:53 AM - root - INFO - TOPIC:Database Users; EVENT:Connection attemp;
12/04/2019 10:34:53 AM - root - INFO - TOPIC:Database Users; EVENT:Connection successful;
12/04/2019 10:34:53 AM - root - INFO - TOPIC:Database Users; EVENT:Connection closed;
12/04/2019 10:34:53 AM - root - INFO - TOPIC:Server; EVENT:Server started;
12/04/2019 10:34:59 AM - root - INFO - TOPIC:Database Users; EVENT:Connection attemp;
12/04/2019 10:34:59 AM - root - INFO - TOPIC:Database Users; EVENT:Connection successful;
12/04/2019 10:34:59 AM - root - ERROR - TOPIC:Database Users; EVENT:Connection failed;
12/04/2019 10:34:59 AM - root - INFO - TOPIC:Database Users; EVENT:Connection closed;
12/04/2019 10:34:59 AM - root - INFO - TOPIC:Database Users; EVENT:Connection attemp;
12/04/2019 10:34:59 AM - root - INFO - TOPIC:Database Users; EVENT:Connection successful;
12/04/2019 10:34:59 AM - root - INFO - TOPIC:Database Users; EVENT:Connection closed;
12/04/2019 10:34:59 AM - root - INFO - TOPIC:Server; EVENT:Server started;
12/04/2019 10:35:03 AM - root - INFO - TOPIC:Database Users; EVENT:Connection attemp;
12/04/2019 10:35:03 AM - root - INFO - TOPIC:Database Users; EVENT:Connection successful;
12/04/2019 10:35:03 AM - root - ERROR - TOPIC:Database Users; EVENT:Connection failed;
12/04/2019 10:35:03 AM - root - INFO - TOPIC:Database Users; EVENT:Connection closed;
12/04/2019 10:35:03 AM - root - INFO - TOPIC:Database Users; EVENT:Connection attemp;
12/04/2019 10:35:03 AM - root - INFO - TOPIC:Database Users; EVENT:Connection successful;
12/04/2019 10:35:03 AM - root - INFO - TOPIC:Database Users; EVENT:Connection closed;
12/04/2019 10:35:03 AM - root - INFO - TOPIC:Server; EVENT:Server started;
12/04/2019 10:35:03 AM - root - INFO - TOPIC:Server; EVENT:Connection attempt;
12/04/2019 10:35:09 AM - root - INFO - TOPIC:Database Users; EVENT:Connection attemp;
12/04/2019 10:35:09 AM - root - INFO - TOPIC:Database Users; EVENT:Connection successful;
12/04/2019 10:35:10 AM - root - INFO - TOPIC:Database Users; EVENT:Connection closed;
12/04/2019 10:35:13 AM - root - INFO - TOPIC:Database Users; EVENT:Connection attemp;
12/04/2019 10:35:13 AM - root - INFO - TOPIC:Database Users; EVENT:Connection successful;
12/04/2019 10:35:13 AM - root - INFO - TOPIC:Database Users; EVENT:Connection closed;
12/04/2019 10:35:13 AM - root - INFO - TOPIC:Database Users; EVENT:Connection attemp;
12/04/2019 10:35:13 AM - root - INFO - TOPIC:Database Users; EVENT:Connection successful;
12/04/2019 10:35:13 AM - root - INFO - TOPIC:Database Users; EVENT:Connection closed;
12/04/2019 10:35:13 AM - root - INFO - TOPIC:Database Scoreboard; EVENT:Connection attempt;
12/04/2019 10:38:01 AM - root - INFO - TOPIC:Database Users; EVENT:Connection attemp;
12/04/2019 10:38:01 AM - root - INFO - TOPIC:Database Users; EVENT:Connection successful;
12/04/2019 10:38:01 AM - root - ERROR - TOPIC:Database Users; EVENT:Connection failed;
12/04/2019 10:38:01 AM - root - INFO - TOPIC:Database Users; EVENT:Connection closed;
12/04/2019 10:38:01 AM - root - INFO - TOPIC:Database Users; EVENT:Connection attemp;
12/04/2019 10:38:01 AM - root - INFO - TOPIC:Database Users; EVENT:Connection successful;
12/04/2019 10:38:01 AM - root - INFO - TOPIC:Database Users; EVENT:Connection closed;
12/04/2019 10:38:01 AM - root - INFO - TOPIC:Server; EVENT:Server started;
12/04/2019 10:38:16 AM - root - INFO - TOPIC:Database Users; EVENT:Connection attemp;
12/04/2019 10:38:16 AM - root - INFO - TOPIC:Database Users; EVENT:Connection successful;
12/04/2019 10:38:16 AM - root - ERROR - TOPIC:Database Users; EVENT:Connection failed;
12/04/2019 10:38:16 AM - root - INFO - TOPIC:Database Users; EVENT:Connection closed;
12/04/2019 10:38:16 AM - root - INFO - TOPIC:Database Users; EVENT:Connection attemp;
12/04/2019 10:38:16 AM - root - INFO - TOPIC:Database Users; EVENT:Connection successful;
12/04/2019 10:38:16 AM - root - INFO - TOPIC:Database Users; EVENT:Connection closed;
12/04/2019 10:38:16 AM - root - INFO - TOPIC:Server; EVENT:Server started;
12/04/2019 10:38:16 AM - root - INFO - TOPIC:Server; EVENT:Connection attempt;
12/04/2019 10:38:43 AM - root - INFO - TOPIC:Database Users; EVENT:Connection attemp;
12/04/2019 10:38:43 AM - root - INFO - TOPIC:Database Users; EVENT:Connection successful;
12/04/2019 10:38:44 AM - root - INFO - TOPIC:Database Users; EVENT:Connection closed;
12/04/2019 10:38:47 AM - root - INFO - TOPIC:Database Users; EVENT:Connection attemp;
12/04/2019 10:38:47 AM - root - INFO - TOPIC:Database Users; EVENT:Connection successful;
12/04/2019 10:38:47 AM - root - INFO - TOPIC:Database Users; EVENT:Connection closed;
12/04/2019 10:38:47 AM - root - INFO - TOPIC:Database Users; EVENT:Connection attemp;
12/04/2019 10:38:47 AM - root - INFO - TOPIC:Database Users; EVENT:Connection successful;
12/04/2019 10:38:47 AM - root - INFO - TOPIC:Database Users; EVENT:Connection closed;
12/04/2019 10:38:47 AM - root - INFO - TOPIC:Database Scoreboard; EVENT:Connection attempt;
12/04/2019 10:39:27 AM - root - INFO - TOPIC:Database Users; EVENT:Connection attemp;
12/04/2019 10:39:27 AM - root - INFO - TOPIC:Database Users; EVENT:Connection successful;
12/04/2019 10:39:27 AM - root - ERROR - TOPIC:Database Users; EVENT:Connection failed;
12/04/2019 10:39:27 AM - root - INFO - TOPIC:Database Users; EVENT:Connection closed;
12/04/2019 10:39:27 AM - root - INFO - TOPIC:Database Users; EVENT:Connection attemp;
12/04/2019 10:39:27 AM - root - INFO - TOPIC:Database Users; EVENT:Connection successful;
12/04/2019 10:39:27 AM - root - INFO - TOPIC:Database Users; EVENT:Connection closed;
12/04/2019 10:39:27 AM - root - INFO - TOPIC:Server; EVENT:Server started;
12/04/2019 10:39:27 AM - root - INFO - TOPIC:Server; EVENT:Connection attempt;
12/04/2019 10:39:32 AM - root - INFO - TOPIC:Database Users; EVENT:Connection attemp;
12/04/2019 10:39:32 AM - root - INFO - TOPIC:Database Users; EVENT:Connection successful;
12/04/2019 10:39:33 AM - root - INFO - TOPIC:Database Users; EVENT:Connection closed;
12/04/2019 10:39:36 AM - root - INFO - TOPIC:Database Users; EVENT:Connection attemp;
12/04/2019 10:39:36 AM - root - INFO - TOPIC:Database Users; EVENT:Connection successful;
12/04/2019 10:39:36 AM - root - INFO - TOPIC:Database Users; EVENT:Connection closed;
12/04/2019 10:39:36 AM - root - INFO - TOPIC:Database Users; EVENT:Connection attemp;
12/04/2019 10:39:36 AM - root - INFO - TOPIC:Database Users; EVENT:Connection successful;
12/04/2019 10:39:36 AM - root - INFO - TOPIC:Database Users; EVENT:Connection closed;
12/04/2019 10:39:36 AM - root - INFO - TOPIC:Database Scoreboard; EVENT:Connection attempt;
12/04/2019 10:41:11 AM - root - INFO - TOPIC:Database Users; EVENT:Connection attemp;
12/04/2019 10:41:11 AM - root - INFO - TOPIC:Database Users; EVENT:Connection successful;
12/04/2019 10:41:11 AM - root - ERROR - TOPIC:Database Users; EVENT:Connection failed;
12/04/2019 10:41:11 AM - root - INFO - TOPIC:Database Users; EVENT:Connection closed;
12/04/2019 10:41:11 AM - root - INFO - TOPIC:Database Users; EVENT:Connection attemp;
12/04/2019 10:41:11 AM - root - INFO - TOPIC:Database Users; EVENT:Connection successful;
12/04/2019 10:41:11 AM - root - INFO - TOPIC:Database Users; EVENT:Connection closed;
12/04/2019 10:41:12 AM - root - INFO - TOPIC:Server; EVENT:Server started;
12/04/2019 10:41:12 AM - root - INFO - TOPIC:Server; EVENT:Connection attempt;
12/04/2019 10:41:18 AM - root - INFO - TOPIC:Database Users; EVENT:Connection attemp;
12/04/2019 10:41:18 AM - root - INFO - TOPIC:Database Users; EVENT:Connection successful;
12/04/2019 10:41:19 AM - root - INFO - TOPIC:Database Users; EVENT:Connection closed;
12/04/2019 10:41:21 AM - root - INFO - TOPIC:Database Users; EVENT:Connection attemp;
12/04/2019 10:41:21 AM - root - INFO - TOPIC:Database Users; EVENT:Connection successful;
12/04/2019 10:41:21 AM - root - INFO - TOPIC:Database Users; EVENT:Connection closed;
12/04/2019 10:41:21 AM - root - INFO - TOPIC:Database Users; EVENT:Connection attemp;
12/04/2019 10:41:21 AM - root - INFO - TOPIC:Database Users; EVENT:Connection successful;
12/04/2019 10:41:21 AM - root - INFO - TOPIC:Database Users; EVENT:Connection closed;
12/04/2019 10:41:21 AM - root - INFO - TOPIC:Database Scoreboard; EVENT:Connection attempt;
12/04/2019 10:41:51 AM - root - INFO - TOPIC:Database Users; EVENT:Connection attemp;
12/04/2019 10:41:51 AM - root - INFO - TOPIC:Database Users; EVENT:Connection successful;
12/04/2019 10:41:51 AM - root - ERROR - TOPIC:Database Users; EVENT:Connection failed;
12/04/2019 10:41:51 AM - root - INFO - TOPIC:Database Users; EVENT:Connection closed;
12/04/2019 10:41:51 AM - root - INFO - TOPIC:Database Users; EVENT:Connection attemp;
12/04/2019 10:41:51 AM - root - INFO - TOPIC:Database Users; EVENT:Connection successful;
12/04/2019 10:41:51 AM - root - INFO - TOPIC:Database Users; EVENT:Connection closed;
12/04/2019 10:41:51 AM - root - INFO - TOPIC:Server; EVENT:Server started;
12/04/2019 10:41:51 AM - root - INFO - TOPIC:Server; EVENT:Connection attempt;
12/04/2019 10:41:56 AM - root - INFO - TOPIC:Database Users; EVENT:Connection attemp;
12/04/2019 10:41:56 AM - root - INFO - TOPIC:Database Users; EVENT:Connection successful;
12/04/2019 10:41:57 AM - root - INFO - TOPIC:Database Users; EVENT:Connection closed;
12/04/2019 10:42:00 AM - root - INFO - TOPIC:Database Users; EVENT:Connection attemp;
12/04/2019 10:42:00 AM - root - INFO - TOPIC:Database Users; EVENT:Connection successful;
12/04/2019 10:42:00 AM - root - INFO - TOPIC:Database Users; EVENT:Connection closed;
12/04/2019 10:42:00 AM - root - INFO - TOPIC:Database Users; EVENT:Connection attemp;
12/04/2019 10:42:00 AM - root - INFO - TOPIC:Database Users; EVENT:Connection successful;
12/04/2019 10:42:00 AM - root - INFO - TOPIC:Database Users; EVENT:Connection closed;
12/04/2019 10:42:00 AM - root - INFO - TOPIC:Database Scoreboard; EVENT:Connection attempt;
12/04/2019 10:43:39 AM - root - INFO - TOPIC:Database Users; EVENT:Connection attemp;
12/04/2019 10:43:39 AM - root - INFO - TOPIC:Database Users; EVENT:Connection successful;
12/04/2019 10:43:39 AM - root - ERROR - TOPIC:Database Users; EVENT:Connection failed;
12/04/2019 10:43:39 AM - root - INFO - TOPIC:Database Users; EVENT:Connection closed;
12/04/2019 10:43:39 AM - root - INFO - TOPIC:Database Users; EVENT:Connection attemp;
12/04/2019 10:43:39 AM - root - INFO - TOPIC:Database Users; EVENT:Connection successful;
12/04/2019 10:43:39 AM - root - INFO - TOPIC:Database Users; EVENT:Connection closed;
12/04/2019 10:43:40 AM - root - INFO - TOPIC:Server; EVENT:Server started;
12/04/2019 10:43:40 AM - root - INFO - TOPIC:Server; EVENT:Connection attempt;
12/04/2019 10:43:46 AM - root - INFO - TOPIC:Database Users; EVENT:Connection attemp;
12/04/2019 10:43:46 AM - root - INFO - TOPIC:Database Users; EVENT:Connection successful;
12/04/2019 10:43:48 AM - root - INFO - TOPIC:Database Users; EVENT:Connection closed;
12/04/2019 10:43:54 AM - root - INFO - TOPIC:Database Users; EVENT:Connection attemp;
12/04/2019 10:43:54 AM - root - INFO - TOPIC:Database Users; EVENT:Connection successful;
12/04/2019 10:43:55 AM - root - INFO - TOPIC:Database Users; EVENT:Connection closed;
12/04/2019 10:43:58 AM - root - INFO - TOPIC:Database Users; EVENT:Connection attemp;
12/04/2019 10:43:58 AM - root - INFO - TOPIC:Database Users; EVENT:Connection successful;
12/04/2019 10:43:58 AM - root - INFO - TOPIC:Database Users; EVENT:Connection closed;
12/04/2019 10:43:58 AM - root - INFO - TOPIC:Database Users; EVENT:Connection attemp;
12/04/2019 10:43:58 AM - root - INFO - TOPIC:Database Users; EVENT:Connection successful;
12/04/2019 10:43:58 AM - root - INFO - TOPIC:Database Users; EVENT:Connection closed;
12/04/2019 10:43:58 AM - root - INFO - TOPIC:Database Scoreboard; EVENT:Connection attempt;
12/04/2019 10:44:27 AM - root - INFO - TOPIC:Server; EVENT:Server closed;
12/04/2019 05:44:19 PM - root - INFO - TOPIC:Database Users; EVENT:Connection attemp;
12/04/2019 05:44:19 PM - root - INFO - TOPIC:Database Users; EVENT:Connection successful;
12/04/2019 05:44:19 PM - root - ERROR - TOPIC:Database Users; EVENT:Connection failed;
12/04/2019 05:44:19 PM - root - INFO - TOPIC:Database Users; EVENT:Connection closed;
12/04/2019 05:44:19 PM - root - INFO - TOPIC:Database Users; EVENT:Connection attemp;
12/04/2019 05:44:19 PM - root - INFO - TOPIC:Database Users; EVENT:Connection successful;
12/04/2019 05:44:19 PM - root - INFO - TOPIC:Database Users; EVENT:Connection closed;
12/04/2019 05:44:20 PM - root - INFO - TOPIC:Server; EVENT:Server started;
12/04/2019 05:44:20 PM - root - INFO - TOPIC:Server; EVENT:Connection attempt;
12/04/2019 05:44:28 PM - root - INFO - TOPIC:Database Users; EVENT:Connection attemp;
12/04/2019 05:44:29 PM - root - INFO - TOPIC:Database Users; EVENT:Connection successful;
12/04/2019 05:44:30 PM - root - INFO - TOPIC:Database Users; EVENT:Connection closed;
12/04/2019 05:57:57 PM - root - INFO - TOPIC:Server; EVENT:Server closed;
12/04/2019 05:58:03 PM - root - INFO - TOPIC:Database Users; EVENT:Connection attemp;
12/04/2019 05:58:03 PM - root - INFO - TOPIC:Database Users; EVENT:Connection successful;
12/04/2019 05:58:03 PM - root - ERROR - TOPIC:Database Users; EVENT:Connection failed;
12/04/2019 05:58:03 PM - root - INFO - TOPIC:Database Users; EVENT:Connection closed;
12/04/2019 05:58:03 PM - root - INFO - TOPIC:Database Users; EVENT:Connection attemp;
12/04/2019 05:58:03 PM - root - INFO - TOPIC:Database Users; EVENT:Connection successful;
12/04/2019 05:58:03 PM - root - INFO - TOPIC:Database Users; EVENT:Connection closed;
12/04/2019 05:58:03 PM - root - INFO - TOPIC:Server; EVENT:Server started;
12/04/2019 05:58:03 PM - root - INFO - TOPIC:Server; EVENT:Connection attempt;
12/04/2019 05:58:07 PM - root - INFO - TOPIC:Database Users; EVENT:Connection attemp;
12/04/2019 05:58:07 PM - root - INFO - TOPIC:Database Users; EVENT:Connection successful;
12/04/2019 05:58:14 PM - root - INFO - TOPIC:Database Users; EVENT:Connection closed;
12/04/2019 06:02:27 PM - root - INFO - TOPIC:Server; EVENT:Server closed;
12/04/2019 06:02:51 PM - root - INFO - TOPIC:Database Users; EVENT:Connection attemp;
12/04/2019 06:02:51 PM - root - INFO - TOPIC:Database Users; EVENT:Connection successful;
12/04/2019 06:02:51 PM - root - ERROR - TOPIC:Database Users; EVENT:Connection failed;
12/04/2019 06:02:51 PM - root - INFO - TOPIC:Database Users; EVENT:Connection closed;
12/04/2019 06:02:51 PM - root - INFO - TOPIC:Database Users; EVENT:Connection attemp;
12/04/2019 06:02:51 PM - root - INFO - TOPIC:Database Users; EVENT:Connection successful;
12/04/2019 06:02:51 PM - root - INFO - TOPIC:Database Users; EVENT:Connection closed;
12/04/2019 06:02:52 PM - root - INFO - TOPIC:Server; EVENT:Server started;
12/04/2019 06:02:52 PM - root - INFO - TOPIC:Server; EVENT:Connection attempt;
12/04/2019 06:02:56 PM - root - INFO - TOPIC:Database Users; EVENT:Connection attemp;
12/04/2019 06:02:56 PM - root - ERROR - TOPIC:Database Users; EVENT:Connection failed;
12/04/2019 06:02:56 PM - root - INFO - TOPIC:Database Users; EVENT:Connection closed;
12/04/2019 06:11:29 PM - root - INFO - TOPIC:Database Users; EVENT:Connection attemp;
12/04/2019 06:11:29 PM - root - ERROR - TOPIC:Database Users; EVENT:Connection failed;
12/04/2019 06:11:29 PM - root - INFO - TOPIC:Database Users; EVENT:Connection closed;
12/04/2019 06:11:31 PM - root - INFO - TOPIC:Server; EVENT:Server closed;
12/04/2019 06:11:39 PM - root - INFO - TOPIC:Database Users; EVENT:Connection attemp;
12/04/2019 06:11:39 PM - root - INFO - TOPIC:Database Users; EVENT:Connection successful;
12/04/2019 06:11:39 PM - root - ERROR - TOPIC:Database Users; EVENT:Connection failed;
12/04/2019 06:11:39 PM - root - INFO - TOPIC:Database Users; EVENT:Connection closed;
12/04/2019 06:11:39 PM - root - INFO - TOPIC:Database Users; EVENT:Connection attemp;
12/04/2019 06:11:39 PM - root - INFO - TOPIC:Database Users; EVENT:Connection successful;
12/04/2019 06:11:39 PM - root - INFO - TOPIC:Database Users; EVENT:Connection closed;
12/04/2019 06:11:40 PM - root - INFO - TOPIC:Server; EVENT:Server started;
12/04/2019 06:11:40 PM - root - INFO - TOPIC:Server; EVENT:Connection attempt;
12/04/2019 06:11:47 PM - root - INFO - TOPIC:Database Users; EVENT:Connection attemp;
12/04/2019 06:11:47 PM - root - INFO - TOPIC:Database Users; EVENT:Connection successful;
12/04/2019 06:11:50 PM - root - INFO - TOPIC:Database Users; EVENT:Connection closed;
12/04/2019 06:11:52 PM - root - INFO - TOPIC:Database Users; EVENT:Connection attemp;
12/04/2019 06:11:52 PM - root - INFO - TOPIC:Database Users; EVENT:Connection successful;
12/04/2019 06:11:52 PM - root - INFO - TOPIC:Database Users; EVENT:Connection closed;
12/04/2019 06:11:52 PM - root - INFO - TOPIC:Database Users; EVENT:Connection attemp;
12/04/2019 06:11:52 PM - root - INFO - TOPIC:Database Users; EVENT:Connection successful;
12/04/2019 06:11:52 PM - root - INFO - TOPIC:Database Users; EVENT:Connection closed;
12/04/2019 06:11:53 PM - root - INFO - TOPIC:Database Scoreboard; EVENT:Connection attempt;
12/04/2019 06:14:05 PM - root - INFO - TOPIC:Server; EVENT:Server closed;
