12/02/2019 07:03:36 PM - root - INFO - SOURCE:Admin; DESTINATION:Server; NONCE:5tyzWNb7IdGcVasiP0tzdQ==; 	ACTION:Received connection request;ACCEPTANCE:ACCEPTED;
12/02/2019 08:11:24 PM - root - INFO - SOURCE:Admin; DESTINATION:Server; NONCE:HSanCaIK0KyDZVY0dd7f3w==; 	ACTION:Received connection request;ACCEPTANCE:ACCEPTED;
12/02/2019 08:26:54 PM - root - INFO - SOURCE:Admin; DESTINATION:Server; NONCE:VeJprXSY2OYWZdNlh0iSxg==; 	ACTION:Received connection request;ACCEPTANCE:ACCEPTED;
12/02/2019 08:27:57 PM - root - INFO - SOURCE:Admin; DESTINATION:Server; NONCE:5dGV4Gc5IXC7QLp3gFzXOg==; 	ACTION:Received connection request;ACCEPTANCE:ACCEPTED;
12/02/2019 08:29:03 PM - root - INFO - SOURCE:Admin; DESTINATION:Server; NONCE:74or8nea6Me4HvE851j5Rw==; 	ACTION:Received connection request;ACCEPTANCE:ACCEPTED;
12/02/2019 08:30:05 PM - root - INFO - SOURCE:Admin; DESTINATION:Server; NONCE:s9TD/J3lJT/mcR2xpQzVDQ==; 	ACTION:Received connection request;ACCEPTANCE:ACCEPTED;
12/02/2019 08:30:44 PM - root - INFO - SOURCE:Admin; DESTINATION:Server; NONCE:XOcn+jG+2qprNIvjaSOPEg==; 	ACTION:Received connection request;ACCEPTANCE:ACCEPTED;
12/02/2019 08:30:48 PM - root - INFO - SOURCE:Admin; DESTINATION:Server; NONCE:dMnTw0EBc4vXXJrDsA7sRw==; 	ACTION:Received connection request;ACCEPTANCE:ACCEPTED;
12/02/2019 08:31:08 PM - root - INFO - SOURCE:Admin; DESTINATION:Server; NONCE:vJ1humkcIQtM3wJRlJG7Ww==; 	ACTION:Received connection request;ACCEPTANCE:ACCEPTED;
12/02/2019 08:32:58 PM - root - INFO - SOURCE:Admin; DESTINATION:Server; NONCE:NH3LyU4auKGa08LwNr24tw==; 	ACTION:Received connection request;ACCEPTANCE:ACCEPTED;
12/02/2019 08:34:23 PM - root - INFO - SOURCE:Admin; DESTINATION:Server; NONCE:vMCDPCujS4VgDv25VjZyxQ==; 	ACTION:Received connection request;ACCEPTANCE:ACCEPTED;
12/02/2019 08:36:37 PM - root - INFO - SOURCE:Admin; DESTINATION:Server; NONCE:ghhvOyL6aFLfJrQf9s65JQ==; 	ACTION:Received connection request;ACCEPTANCE:ACCEPTED;
12/02/2019 08:37:57 PM - root - INFO - SOURCE:Admin; DESTINATION:Server; NONCE:Lvhi+NnQX7Lyx78kWuaSvQ==; 	ACTION:Received connection request;ACCEPTANCE:ACCEPTED;
12/02/2019 08:38:20 PM - root - INFO - SOURCE:Admin; DESTINATION:Server; NONCE:UDSJFHAKXQFLbY9hDRkJhw==; 	ACTION:Received connection request;ACCEPTANCE:ACCEPTED;
12/02/2019 08:39:01 PM - root - INFO - SOURCE:Admin; DESTINATION:Server; NONCE:laN2wWYrNRNIp5BrgmW0Kw==; 	ACTION:Received connection request;ACCEPTANCE:ACCEPTED;
12/02/2019 08:39:06 PM - root - INFO - SOURCE:Admin; DESTINATION:Server; NONCE:XLEhAJBHV3nWl62wMVCWfQ==; 	ACTION:Received connection request;ACCEPTANCE:ACCEPTED;
12/02/2019 08:39:52 PM - root - INFO - SOURCE:Admin; DESTINATION:Server; NONCE:ha8XOftS/D7TPudIs8xxRQ==; 	ACTION:Received connection request;ACCEPTANCE:ACCEPTED;
12/02/2019 08:42:23 PM - root - INFO - SOURCE:Admin; DESTINATION:Server; NONCE:Fuc9JiunNJWWKXIgWk+U5g==; 	ACTION:Received connection request;ACCEPTANCE:ACCEPTED;
12/02/2019 08:59:42 PM - root - INFO - SOURCE:Admin; DESTINATION:Server; NONCE:07YNsuSeQr5ypCNfV/Z9yg==; 	ACTION:Received connection request;ACCEPTANCE:ACCEPTED;
12/02/2019 09:02:23 PM - root - INFO - SOURCE:Admin; DESTINATION:Server; NONCE:t1EuFs55TxCdT/8hhxFzUA==; 	ACTION:Received connection request;ACCEPTANCE:ACCEPTED;
12/02/2019 09:02:25 PM - root - INFO - SOURCE:Admin; DESTINATION:Server; NONCE:XhCgfg5W2mr966QU8SbZpA==; 	ACTION:Received connection request;ACCEPTANCE:ACCEPTED;
12/02/2019 09:02:40 PM - root - INFO - SOURCE:Admin; DESTINATION:Server; NONCE:O0lloZCMErppgV94PAAmbw==; 	ACTION:Received connection request;ACCEPTANCE:ACCEPTED;
12/02/2019 09:03:46 PM - root - INFO - SOURCE:Admin; DESTINATION:Server; NONCE:KBedkdjJXzPObkdp6K04+Q==; 	ACTION:Received connection request;ACCEPTANCE:ACCEPTED;
12/02/2019 09:03:59 PM - root - INFO - SOURCE:Admin; DESTINATION:Server; NONCE:UzfU1pyQB33FOoGzJO0tow==; 	ACTION:Received connection request;ACCEPTANCE:ACCEPTED;
12/02/2019 09:04:11 PM - root - INFO - SOURCE:Admin; DESTINATION:Server; NONCE:Sa8OqCQEf7iC8Jh9upkMnA==; 	ACTION:Received connection request;ACCEPTANCE:ACCEPTED;
12/02/2019 09:04:56 PM - root - INFO - SOURCE:Admin; DESTINATION:Server; NONCE:ZDfO1NYF8RGXGkVRERw+OA==; 	ACTION:Received connection request;ACCEPTANCE:ACCEPTED;
12/02/2019 09:05:16 PM - root - INFO - SOURCE:Admin; DESTINATION:Server; NONCE:j0z89PWddb4NkKQ1750kzg==; 	ACTION:Received connection request;ACCEPTANCE:ACCEPTED;
12/02/2019 09:05:27 PM - root - INFO - SOURCE:Admin; DESTINATION:Server; NONCE:ymDjknhBYiw+UYVk7Se2XQ==; 	ACTION:Received connection request;ACCEPTANCE:ACCEPTED;
12/02/2019 09:05:57 PM - root - INFO - SOURCE:Admin; DESTINATION:Server; NONCE:fAipX+Cz55nno9TRtgEFvA==; 	ACTION:Received connection request;ACCEPTANCE:ACCEPTED;
12/02/2019 09:06:22 PM - root - INFO - SOURCE:Admin; DESTINATION:Server; NONCE:qZLELCRE/Rzle1x61RgkGw==; 	ACTION:Received connection request;ACCEPTANCE:ACCEPTED;
12/02/2019 09:06:48 PM - root - INFO - SOURCE:Admin; DESTINATION:Server; NONCE:wJVfzFAMlPx3bw/DeS7X/A==; 	ACTION:Received connection request;ACCEPTANCE:ACCEPTED;
12/08/2019 12:26:13 PM - root - INFO - SOURCE:Kevin; DESTINATION:Server; NONCE:AbZHBBqb5BiqW2V/8d//1g==; 	ACTION:Received connection request;ACCEPTANCE:ACCEPTED;
12/08/2019 12:27:02 PM - root - INFO - SOURCE:Kevin; DESTINATION:Server; NONCE:RlxuG3bAsGS2CGBPK9KnnA==; 	ACTION:Received connection request;ACCEPTANCE:ACCEPTED;
12/08/2019 12:27:56 PM - root - INFO - SOURCE:Kevin; DESTINATION:Server; NONCE:nhiQXrU9IfXXBSZ7SWq2+w==; 	ACTION:Received connection request;ACCEPTANCE:ACCEPTED;
12/08/2019 12:37:16 PM - root - INFO - SOURCE:Kevin; DESTINATION:Server; NONCE:dk0kc5PJvGM71Jp3PAuKBQ==; 	ACTION:Received connection request;ACCEPTANCE:ACCEPTED;
12/08/2019 12:38:52 PM - root - INFO - SOURCE:Kevin; DESTINATION:Server; NONCE:XouFGvJT9wEPjnDMIU7/4Q==; 	ACTION:Received connection request;ACCEPTANCE:ACCEPTED;
12/08/2019 12:40:54 PM - root - INFO - SOURCE:Kevin; DESTINATION:Server; NONCE:eYqmlS/uXyBCaw8EDl48Hw==; 	ACTION:Received connection request;ACCEPTANCE:ACCEPTED;
12/08/2019 12:43:29 PM - root - INFO - SOURCE:Kevin; DESTINATION:Server; NONCE:MW69K6F2id1aw1UtyNkfQQ==; 	ACTION:Received connection request;ACCEPTANCE:ACCEPTED;
12/08/2019 12:44:52 PM - root - INFO - SOURCE:Kevin; DESTINATION:Server; NONCE:CG98/Hw1FaW6o6M3agisew==; 	ACTION:Received connection request;ACCEPTANCE:ACCEPTED;
12/08/2019 12:46:39 PM - root - INFO - SOURCE:Kevin; DESTINATION:Server; NONCE:lfl0NTN4k+bu1j6+KqD5/g==; 	ACTION:Received connection request;ACCEPTANCE:ACCEPTED;
12/08/2019 12:47:45 PM - root - INFO - SOURCE:Kevin; DESTINATION:Server; NONCE:8yVIietD9KNJxHmMe8Axow==; 	ACTION:Received connection request;ACCEPTANCE:ACCEPTED;
12/08/2019 12:49:42 PM - root - INFO - SOURCE:Kevin; DESTINATION:Server; NONCE:RbW2iCCxkFqPVECtG0ye3A==; 	ACTION:Received connection request;ACCEPTANCE:ACCEPTED;
12/08/2019 12:51:32 PM - root - INFO - SOURCE:Kevin; DESTINATION:Server; NONCE:tL0RpT1i1Szo5ALxwmiiaA==; 	ACTION:Received connection request;ACCEPTANCE:ACCEPTED;
12/08/2019 12:53:42 PM - root - INFO - SOURCE:Kevin; DESTINATION:Server; NONCE:7TFsY29PxLqLntnJjnvYCg==; 	ACTION:Received connection request;ACCEPTANCE:ACCEPTED;
12/08/2019 01:20:49 PM - root - INFO - SOURCE:Kevin; DESTINATION:Server; NONCE:YwtXQ1yLlumbmCy1issJ7w==; 	ACTION:Received connection request;ACCEPTANCE:ACCEPTED;
12/08/2019 01:22:02 PM - root - INFO - SOURCE:Kevin; DESTINATION:Server; NONCE:hjshY1N96qrrH00pL6cwsQ==; 	ACTION:Received connection request;ACCEPTANCE:ACCEPTED;
12/08/2019 01:24:07 PM - root - INFO - SOURCE:Kevin; DESTINATION:Server; NONCE:J6pl1eeLr0rOaYtMaBylNA==; 	ACTION:Received connection request;ACCEPTANCE:ACCEPTED;
12/08/2019 01:25:58 PM - root - INFO - SOURCE:Kevin; DESTINATION:Server; NONCE:VtnfGhogT6Wuz8j1tIBrqA==; 	ACTION:Received connection request;ACCEPTANCE:ACCEPTED;
12/08/2019 01:26:54 PM - root - INFO - SOURCE:Kevin; DESTINATION:Server; NONCE:oSbD5xHj3AlAWXg5u7GVXw==; 	ACTION:Received connection request;ACCEPTANCE:ACCEPTED;
12/08/2019 01:29:25 PM - root - INFO - SOURCE:Kevin; DESTINATION:Server; NONCE:npHOeBOX4uwk9ApXhJsvdw==; 	ACTION:Received connection request;ACCEPTANCE:ACCEPTED;
12/08/2019 01:32:26 PM - root - INFO - SOURCE:Kevin; DESTINATION:Server; NONCE:gwnymxbxmB6nyqMrDuY09Q==; 	ACTION:Received connection request;ACCEPTANCE:ACCEPTED;
12/08/2019 01:34:58 PM - root - INFO - SOURCE:Kevin; DESTINATION:Server; NONCE:zZI2u8XDwuI1XnYeddHrXg==; 	ACTION:Received connection request;ACCEPTANCE:ACCEPTED;
12/08/2019 01:38:11 PM - root - INFO - SOURCE:Kevin; DESTINATION:Server; NONCE:6q4FgWhO5eB1pdJoTcjdzA==; 	ACTION:Received connection request;ACCEPTANCE:ACCEPTED;
12/08/2019 01:40:51 PM - root - INFO - SOURCE:Kevin; DESTINATION:Server; NONCE:2zPspJaAC/zNucooUg1NeA==; 	ACTION:Received connection request;ACCEPTANCE:ACCEPTED;
12/08/2019 01:41:34 PM - root - INFO - SOURCE:Kevin; DESTINATION:Server; NONCE:4P5V6JMSGExwzJeJi2mxTw==; 	ACTION:Received connection request;ACCEPTANCE:ACCEPTED;
12/08/2019 01:42:19 PM - root - INFO - SOURCE:Kevin; DESTINATION:Server; NONCE:HhTAiNnYHZF7cTnwruSywg==; 	ACTION:Received connection request;ACCEPTANCE:ACCEPTED;
12/08/2019 01:43:18 PM - root - INFO - SOURCE:Kevin; DESTINATION:Server; NONCE:b3xcYAAxPXDlCMbZm7m6Cg==; 	ACTION:Received connection request;ACCEPTANCE:ACCEPTED;
12/08/2019 01:44:09 PM - root - INFO - SOURCE:Kevin; DESTINATION:Server; NONCE:5GFYTkZu5vzl5dXD61iZwQ==; 	ACTION:Received connection request;ACCEPTANCE:ACCEPTED;
12/08/2019 01:48:11 PM - root - INFO - SOURCE:Kevin; DESTINATION:Server; NONCE:4pPBmai5yGcgmp3kqtgEgg==; 	ACTION:Received connection request;ACCEPTANCE:ACCEPTED;
12/08/2019 01:49:22 PM - root - INFO - SOURCE:Kevin; DESTINATION:Server; NONCE:XJ4tzXQu3Fhi6lcHVj1u4Q==; 	ACTION:Received connection request;ACCEPTANCE:ACCEPTED;
12/08/2019 01:58:32 PM - root - INFO - SOURCE:Kevin; DESTINATION:Server; NONCE:cMQHmLJPvd8vPFhvjhFMxg==; 	ACTION:Received connection request;ACCEPTANCE:ACCEPTED;
12/08/2019 01:59:50 PM - root - INFO - SOURCE:Kevin; DESTINATION:Server; NONCE:7s6iaZgMh53nau+c84RrjA==; 	ACTION:Received connection request;ACCEPTANCE:ACCEPTED;
12/08/2019 02:01:59 PM - root - INFO - SOURCE:Kevin; DESTINATION:Server; NONCE:QIPuX5Fd/IP4ENePwq4xQQ==; 	ACTION:Received connection request;ACCEPTANCE:ACCEPTED;
12/08/2019 02:03:08 PM - root - INFO - SOURCE:Kevin; DESTINATION:Server; NONCE:SgJ2Hi03y2Kc4grhHpiHSQ==; 	ACTION:Received connection request;ACCEPTANCE:ACCEPTED;
12/08/2019 02:04:16 PM - root - INFO - SOURCE:Kevin; DESTINATION:Server; NONCE:iCi0Kzgk93Dd09QCblbgPQ==; 	ACTION:Received connection request;ACCEPTANCE:ACCEPTED;
12/08/2019 02:06:42 PM - root - INFO - SOURCE:Kevin; DESTINATION:Server; NONCE:H1uYSvit5b4/AixqR/+94w==; 	ACTION:Received connection request;ACCEPTANCE:ACCEPTED;
12/08/2019 02:09:47 PM - root - INFO - SOURCE:Kevin; DESTINATION:Server; NONCE:8phMrfSnbhUieOY9u4VV0g==; 	ACTION:Received connection request;ACCEPTANCE:ACCEPTED;
12/08/2019 02:11:14 PM - root - INFO - SOURCE:Kevin; DESTINATION:Server; NONCE:WFuFdhw/E9fd0uxxcrnvvA==; 	ACTION:Received connection request;ACCEPTANCE:ACCEPTED;
12/08/2019 02:12:38 PM - root - INFO - SOURCE:Kevin; DESTINATION:Server; NONCE:Z1EX6nPc+0EzSHmDN3tBXA==; 	ACTION:Received connection request;ACCEPTANCE:ACCEPTED;
12/08/2019 02:14:20 PM - root - INFO - SOURCE:Kevin; DESTINATION:Server; NONCE:ElQDB5X4fOqd8QCXNS3jbg==; 	ACTION:Received connection request;ACCEPTANCE:ACCEPTED;
12/08/2019 02:16:33 PM - root - INFO - SOURCE:Kevin; DESTINATION:Server; NONCE:YnhZ8cF/yADWo6Rszb+U8Q==; 	ACTION:Received connection request;ACCEPTANCE:ACCEPTED;
12/08/2019 02:18:31 PM - root - INFO - SOURCE:Kevin; DESTINATION:Server; NONCE:RDd9LfFDPSupqdz1avESSw==; 	ACTION:Received connection request;ACCEPTANCE:ACCEPTED;
12/08/2019 02:26:17 PM - root - INFO - SOURCE:Kevin; DESTINATION:Server; NONCE:0h3PdiKh/J3aM9+k4TIR6A==; 	ACTION:Received connection request;ACCEPTANCE:ACCEPTED;
12/08/2019 02:27:27 PM - root - INFO - SOURCE:Kevin; DESTINATION:Server; NONCE:TKXT6ZDZImo0CrmXwtYycQ==; 	ACTION:Received connection request;ACCEPTANCE:ACCEPTED;
12/08/2019 02:35:08 PM - root - INFO - SOURCE:Kevin; DESTINATION:Server; NONCE:zBCx1b006oM2LhK8MmSFZA==; 	ACTION:Received connection request;ACCEPTANCE:ACCEPTED;
12/08/2019 02:36:21 PM - root - INFO - SOURCE:Kevin; DESTINATION:Server; NONCE:LgSDHDgX47wmH6y2IIWy8w==; 	ACTION:Received connection request;ACCEPTANCE:ACCEPTED;
12/08/2019 02:37:30 PM - root - INFO - SOURCE:Kevin; DESTINATION:Server; NONCE:dhUbgJ4zMCOukJixtqCa/w==; 	ACTION:Received connection request;ACCEPTANCE:ACCEPTED;
12/08/2019 02:38:41 PM - root - INFO - SOURCE:Kevin; DESTINATION:Server; NONCE:1+R0DnHNts0cZrbi2DyAEg==; 	ACTION:Received connection request;ACCEPTANCE:ACCEPTED;
12/08/2019 02:44:21 PM - root - INFO - SOURCE:Kevin; DESTINATION:Server; NONCE:J9i/rG48puUCErRsWz3NnQ==; 	ACTION:Received connection request;ACCEPTANCE:ACCEPTED;
12/08/2019 02:47:30 PM - root - INFO - SOURCE:KEvin; DESTINATION:Server; NONCE:tXPfYTSgYIYX1z2pFGflRQ==; 	ACTION:Received connection request;ACCEPTANCE:ACCEPTED;
12/08/2019 02:48:38 PM - root - INFO - SOURCE:Kevin; DESTINATION:Server; NONCE:d4tpYu0TJWJOfYJubfkBUg==; 	ACTION:Received connection request;ACCEPTANCE:ACCEPTED;
12/08/2019 02:50:10 PM - root - INFO - SOURCE:Kevin; DESTINATION:Server; NONCE:AaVIoeZ92lpkwSC8e5iV6g==; 	ACTION:Received connection request;ACCEPTANCE:ACCEPTED;
12/08/2019 03:25:23 PM - root - INFO - SOURCE:Kevin; DESTINATION:Server; NONCE:Unj3QVsvJeGDBlZp0Bdl9g==; 	ACTION:Received connection request;ACCEPTANCE:ACCEPTED;
12/08/2019 03:26:57 PM - root - INFO - SOURCE:Kevin; DESTINATION:Server; NONCE:JzJpIonXFxeGaHFxSMkZmw==; 	ACTION:Received connection request;ACCEPTANCE:ACCEPTED;
12/08/2019 03:27:21 PM - root - INFO - SOURCE:Kevin; DESTINATION:Server; NONCE:ijRhVBiDmVcf0QIGLWS20Q==; 	ACTION:Received connection request;ACCEPTANCE:ACCEPTED;
12/08/2019 03:30:34 PM - root - INFO - SOURCE:Kevin; DESTINATION:Server; NONCE:AGGiehHQW7BJGVePCIMYbA==; 	ACTION:Received connection request;ACCEPTANCE:ACCEPTED;
12/08/2019 03:33:26 PM - root - INFO - SOURCE:Kevin; DESTINATION:Server; NONCE:1wRJd3m9vWcqdf6XlrKMKw==; 	ACTION:Received connection request;ACCEPTANCE:ACCEPTED;
12/08/2019 03:37:49 PM - root - INFO - SOURCE:Kevin; DESTINATION:Server; NONCE:SnCMhk5RzgTw4G4rvda95Q==; 	ACTION:Received connection request;ACCEPTANCE:ACCEPTED;
12/08/2019 03:39:23 PM - root - INFO - SOURCE:Kevin; DESTINATION:Server; NONCE:qPjLw25itm+zpimihywHHQ==; 	ACTION:Received connection request;ACCEPTANCE:ACCEPTED;
12/08/2019 03:42:08 PM - root - INFO - SOURCE:Kevin; DESTINATION:Server; NONCE:5hmddxiIRewhwri/CdawUQ==; 	ACTION:Received connection request;ACCEPTANCE:ACCEPTED;
12/08/2019 03:45:49 PM - root - INFO - SOURCE:Kevin; DESTINATION:Server; NONCE:hSKsee49Bk4woYa15+8PdA==; 	ACTION:Received connection request;ACCEPTANCE:ACCEPTED;
12/08/2019 03:46:37 PM - root - INFO - SOURCE:Kevin; DESTINATION:Server; NONCE:DZfQgrpNxD85iXr8rgtoPA==; 	ACTION:Received connection request;ACCEPTANCE:ACCEPTED;
12/08/2019 03:47:06 PM - root - INFO - SOURCE:Kevin; DESTINATION:Server; NONCE:yUZYX6w0AcSaAd8m85AORA==; 	ACTION:Received connection request;ACCEPTANCE:ACCEPTED;
12/08/2019 03:52:24 PM - root - INFO - SOURCE:Kevin; DESTINATION:Server; NONCE:nZy+8O2OXkkxLWofVvsaZQ==; 	ACTION:Received connection request;ACCEPTANCE:ACCEPTED;
12/08/2019 03:53:41 PM - root - INFO - SOURCE:Kevin; DESTINATION:Server; NONCE:q0YB0Dws0bLg45zboIEHEA==; 	ACTION:Received connection request;ACCEPTANCE:ACCEPTED;
12/08/2019 03:55:06 PM - root - INFO - SOURCE:Kevin; DESTINATION:Server; NONCE:fzhev+PpcU6m8RYPAK91AQ==; 	ACTION:Received connection request;ACCEPTANCE:ACCEPTED;
12/08/2019 03:56:16 PM - root - INFO - SOURCE:Kevin; DESTINATION:Server; NONCE:kRfpnSE2g4y2/uKigOS0Ag==; 	ACTION:Received connection request;ACCEPTANCE:ACCEPTED;
12/08/2019 04:03:13 PM - root - INFO - SOURCE:Kevin; DESTINATION:Server; NONCE:NKZKyGPK6h1Q0OpDG3s4Nw==; 	ACTION:Received connection request;ACCEPTANCE:ACCEPTED;
12/08/2019 04:03:44 PM - root - INFO - SOURCE:Kevin; DESTINATION:Server; NONCE:TAegGcJGSoD8tP/UkpwTwQ==; 	ACTION:Received connection request;ACCEPTANCE:ACCEPTED;
12/08/2019 04:06:11 PM - root - INFO - SOURCE:Admin; DESTINATION:Server; NONCE:aLGyMA95LYsbNP9XHVBRxA==; 	ACTION:Received connection request;ACCEPTANCE:ACCEPTED;
12/08/2019 04:06:56 PM - root - INFO - SOURCE:Kevin; DESTINATION:Server; NONCE:Oad9ZsTT18C3Ms4+X90dLw==; 	ACTION:Received connection request;ACCEPTANCE:ACCEPTED;
12/08/2019 04:15:00 PM - root - INFO - SOURCE:Kevin; DESTINATION:Server; NONCE:gciKZjP39opZ6ToYNz04nQ==; 	ACTION:Received connection request;ACCEPTANCE:ACCEPTED;
12/08/2019 04:15:25 PM - root - INFO - SOURCE:Kevin; DESTINATION:Server; NONCE:nkgDfk3ezZewi4PHlXkldw==; 	ACTION:Received connection request;ACCEPTANCE:ACCEPTED;
12/08/2019 04:17:02 PM - root - INFO - SOURCE:Kevin; DESTINATION:Server; NONCE:6QFszihshXk7HOn5plY6gw==; 	ACTION:Received connection request;ACCEPTANCE:ACCEPTED;
12/08/2019 04:19:12 PM - root - INFO - SOURCE:Kevin; DESTINATION:Server; NONCE:yJZYdSw9eUhS1hvJE6qDuA==; 	ACTION:Received connection request;ACCEPTANCE:ACCEPTED;
12/08/2019 04:21:50 PM - root - INFO - SOURCE:Kevin; DESTINATION:Server; NONCE:rPzOd6Mi33JIwrwdmn5O3g==; 	ACTION:Received connection request;ACCEPTANCE:ACCEPTED;
12/08/2019 04:22:52 PM - root - INFO - SOURCE:Kevin; DESTINATION:Server; NONCE:JramW/eSsI+eRpGRbGbFyw==; 	ACTION:Received connection request;ACCEPTANCE:ACCEPTED;
12/08/2019 04:23:25 PM - root - INFO - SOURCE:Kevin; DESTINATION:Server; NONCE:wu7ZaIsk88W5BN2/Ei5dgw==; 	ACTION:Received connection request;ACCEPTANCE:ACCEPTED;
12/08/2019 04:29:18 PM - root - INFO - SOURCE:Kevin213; DESTINATION:Server; NONCE:BI5rqVcKw86YTJNtUaunLA==; 	ACTION:Received connection request;ACCEPTANCE:ACCEPTED;
12/08/2019 04:31:52 PM - root - INFO - SOURCE:[A; DESTINATION:Server; NONCE:0ntdA7Smf7OvqlSXL31VWQ==; 	ACTION:Received connection request;ACCEPTANCE:ACCEPTED;
12/08/2019 04:32:58 PM - root - INFO - SOURCE:Kevin; DESTINATION:Server; NONCE:YyAPlUwMM6u01/QmEXm8GA==; 	ACTION:Received connection request;ACCEPTANCE:ACCEPTED;
12/08/2019 04:33:18 PM - root - INFO - SOURCE:Kevin; DESTINATION:Server; NONCE:6mURR3S/lagOsiUwDCtang==; 	ACTION:Received connection request;ACCEPTANCE:ACCEPTED;
12/08/2019 04:33:52 PM - root - INFO - SOURCE:Kevin; DESTINATION:Server; NONCE:u5tLGn7ZmVyl5qCu4e2fcw==; 	ACTION:Received connection request;ACCEPTANCE:ACCEPTED;
12/08/2019 04:35:17 PM - root - INFO - SOURCE:Kevin; DESTINATION:Server; NONCE:pRAaZviUz+WLHCLSO+sVfw==; 	ACTION:Received connection request;ACCEPTANCE:ACCEPTED;
12/08/2019 04:35:31 PM - root - INFO - SOURCE:Kevin; DESTINATION:Server; NONCE:ZIjHyVAOLh2YGWy9txwYHQ==; 	ACTION:Received connection request;ACCEPTANCE:ACCEPTED;
12/09/2019 04:31:57 AM - root - INFO - SOURCE:Kevin; DESTINATION:Server; NONCE:/dxiRw9aU9qbZG0tuo5vHQ==; 	ACTION:Received connection request;ACCEPTANCE:ACCEPTED;
12/09/2019 04:57:19 AM - root - INFO - SOURCE:Kevin; DESTINATION:Server; NONCE:0ByHUzMV2qoL6tnJ8vSvYQ==; 	ACTION:Received connection request;ACCEPTANCE:ACCEPTED;
12/09/2019 04:58:35 AM - root - INFO - SOURCE:Kevin; DESTINATION:Server; NONCE:CSSqNO9mst8YTL65ZP258Q==; 	ACTION:Received connection request;ACCEPTANCE:ACCEPTED;
12/09/2019 05:02:32 AM - root - INFO - SOURCE:Kevin; DESTINATION:Server; NONCE:Pg+UabVwd6lk8FcYmUh6zQ==; 	ACTION:Received connection request;ACCEPTANCE:ACCEPTED;
12/09/2019 05:04:52 AM - root - INFO - SOURCE:Kevin; DESTINATION:Server; NONCE:rFGAOUyj+lxD/GOxxzGbTg==; 	ACTION:Received connection request;ACCEPTANCE:ACCEPTED;
12/09/2019 05:06:35 AM - root - INFO - SOURCE:Kevin; DESTINATION:Server; NONCE:hPdSdvTgvSYwmqzynj7VSA==; 	ACTION:Received connection request;ACCEPTANCE:ACCEPTED;
12/09/2019 05:12:33 AM - root - INFO - SOURCE:Kevin; DESTINATION:Server; NONCE:kKy6VAaz+DZvCLOBLmNZmQ==; 	ACTION:Received connection request;ACCEPTANCE:ACCEPTED;
12/09/2019 05:19:23 AM - root - INFO - SOURCE:Kevin; DESTINATION:Server; NONCE:YaNhlKE4vNhVHBScmANUVg==; 	ACTION:Received connection request;ACCEPTANCE:ACCEPTED;
12/09/2019 05:51:41 AM - root - INFO - SOURCE:Kevin; DESTINATION:Server; NONCE:AnzfNwCzqr21z1iv1RGyHA==; 	ACTION:Received connection request;ACCEPTANCE:ACCEPTED;
12/09/2019 05:52:49 AM - root - INFO - SOURCE:Kevin; DESTINATION:Server; NONCE:9QsPm1DZmskIaShVpqlN6g==; 	ACTION:Received connection request;ACCEPTANCE:ACCEPTED;
12/09/2019 05:54:14 AM - root - INFO - SOURCE:Kevin; DESTINATION:Server; NONCE:OpliuUI73v3aN+1unWjVGg==; 	ACTION:Received connection request;ACCEPTANCE:ACCEPTED;
12/09/2019 05:55:38 AM - root - INFO - SOURCE:Kevin; DESTINATION:Server; NONCE:M8UkXRNfsjG83cifTGlgsw==; 	ACTION:Received connection request;ACCEPTANCE:ACCEPTED;
12/09/2019 05:57:31 AM - root - INFO - SOURCE:KEvin; DESTINATION:Server; NONCE:E+RuElnSYLNmVGdONrJZhQ==; 	ACTION:Received connection request;ACCEPTANCE:ACCEPTED;
12/09/2019 05:59:02 AM - root - INFO - SOURCE:Kevin; DESTINATION:Server; NONCE:KFs31k8KBDeILqB8tLY/sg==; 	ACTION:Received connection request;ACCEPTANCE:ACCEPTED;
12/09/2019 06:10:12 AM - root - INFO - SOURCE:Kevin; DESTINATION:Server; NONCE:w2hD0y7IAAieKc437lxW2g==; 	ACTION:Received connection request;ACCEPTANCE:ACCEPTED;
12/09/2019 06:10:45 AM - root - INFO - SOURCE:Kevin; DESTINATION:Server; NONCE:PwRet1kSv7Bj40g+Q/LCQQ==; 	ACTION:Received connection request;ACCEPTANCE:ACCEPTED;
12/09/2019 06:16:26 AM - root - INFO - SOURCE:Kevin; DESTINATION:Server; NONCE:gPOy2d2z3+Bo0K4Se9uBTA==; 	ACTION:Received connection request;ACCEPTANCE:ACCEPTED;
12/09/2019 06:17:33 AM - root - INFO - SOURCE:Kevin; DESTINATION:Server; NONCE:YjmKYbQUY8ZV5Q50tn8k2Q==; 	ACTION:Received connection request;ACCEPTANCE:ACCEPTED;
12/09/2019 06:18:11 AM - root - INFO - SOURCE:Kevin; DESTINATION:Server; NONCE:v75brokWs2FeZmqD9i1dfw==; 	ACTION:Received connection request;ACCEPTANCE:ACCEPTED;
12/09/2019 06:18:53 AM - root - INFO - SOURCE:Kevin; DESTINATION:Server; NONCE:DEBTLkpfA04MQw263SxaCQ==; 	ACTION:Received connection request;ACCEPTANCE:ACCEPTED;
12/09/2019 06:21:21 AM - root - INFO - SOURCE:Kevin; DESTINATION:Server; NONCE:urI/zAr+Bf4cds/dd47uAQ==; 	ACTION:Received connection request;ACCEPTANCE:ACCEPTED;
12/09/2019 06:29:37 AM - root - INFO - SOURCE:Kevin; DESTINATION:Server; NONCE:4inXsOAzbsS9gzbiyFlw3g==; 	ACTION:Received connection request;ACCEPTANCE:ACCEPTED;
12/09/2019 06:31:49 AM - root - INFO - SOURCE:Kevin; DESTINATION:Server; NONCE:ib3P217fqpm4MY7dhjNGqQ==; 	ACTION:Received connection request;ACCEPTANCE:ACCEPTED;
12/09/2019 06:34:29 AM - root - INFO - SOURCE:Kevin; DESTINATION:Server; NONCE:HmiE7BDjqn/pLJY4TlcFmA==; 	ACTION:Received connection request;ACCEPTANCE:ACCEPTED;
12/09/2019 06:36:55 AM - root - INFO - SOURCE:Kevin; DESTINATION:Server; NONCE:WkOuqK+qtRJxPtFNVq6/hQ==; 	ACTION:Received connection request;ACCEPTANCE:ACCEPTED;
